{"/Users/eugene/dev/react/expo/NavigationExample/App.js": {"path":"/Users/eugene/dev/react/expo/NavigationExample/App.js","statementMap":{"0":{"start":{"line":159,"column":2},"end":{"line":163,"column":4}}},"fnMap":{"0":{"name":"App","decl":{"start":{"line":158,"column":24},"end":{"line":158,"column":27}},"loc":{"start":{"line":158,"column":30},"end":{"line":164,"column":1}},"line":158}},"branchMap":{},"s":{"0":0},"f":{"0":0},"b":{}}
,"/Users/eugene/dev/react/expo/NavigationExample/expo-env.d.ts": {"path":"/Users/eugene/dev/react/expo/NavigationExample/expo-env.d.ts","statementMap":{},"fnMap":{},"branchMap":{},"s":{},"f":{},"b":{}}
,"/Users/eugene/dev/react/expo/NavigationExample/firebase.js": {"path":"/Users/eugene/dev/react/expo/NavigationExample/firebase.js","statementMap":{"0":{"start":{"line":12,"column":23},"end":{"line":20,"column":1}},"1":{"start":{"line":23,"column":12},"end":{"line":23,"column":41}},"2":{"start":{"line":24,"column":13},"end":{"line":24,"column":25}},"3":{"start":{"line":25,"column":11},"end":{"line":25,"column":28}},"4":{"start":{"line":26,"column":16},"end":{"line":26,"column":31}},"5":{"start":{"line":27,"column":18},"end":{"line":27,"column":35}},"6":{"start":{"line":30,"column":0},"end":{"line":40,"column":1}},"7":{"start":{"line":31,"column":2},"end":{"line":39,"column":3}},"8":{"start":{"line":36,"column":4},"end":{"line":36,"column":41}},"9":{"start":{"line":38,"column":4},"end":{"line":38,"column":56}}},"fnMap":{},"branchMap":{"0":{"loc":{"start":{"line":30,"column":0},"end":{"line":40,"column":1}},"type":"if","locations":[{"start":{"line":30,"column":0},"end":{"line":40,"column":1}},{"start":{},"end":{}}],"line":30}},"s":{"0":0,"1":0,"2":0,"3":0,"4":0,"5":0,"6":0,"7":0,"8":0,"9":0},"f":{},"b":{"0":[0,0]}}
,"/Users/eugene/dev/react/expo/NavigationExample/test-utils.tsx": {"path":"/Users/eugene/dev/react/expo/NavigationExample/test-utils.tsx","statementMap":{"0":{"start":{"line":8,"column":63},"end":{"line":18,"column":1}},"1":{"start":{"line":9,"column":2},"end":{"line":17,"column":4}},"2":{"start":{"line":20,"column":21},"end":{"line":23,"column":57}},"3":{"start":{"line":23,"column":5},"end":{"line":23,"column":57}}},"fnMap":{"0":{"name":"(anonymous_0)","decl":{"start":{"line":8,"column":63},"end":{"line":8,"column":64}},"loc":{"start":{"line":8,"column":81},"end":{"line":18,"column":1}},"line":8},"1":{"name":"(anonymous_1)","decl":{"start":{"line":20,"column":21},"end":{"line":20,"column":22}},"loc":{"start":{"line":23,"column":5},"end":{"line":23,"column":57}},"line":23}},"branchMap":{},"s":{"0":0,"1":0,"2":0,"3":0},"f":{"0":0,"1":0},"b":{}}
,"/Users/eugene/dev/react/expo/NavigationExample/.expo/types/router.d.ts": {"path":"/Users/eugene/dev/react/expo/NavigationExample/.expo/types/router.d.ts","statementMap":{},"fnMap":{},"branchMap":{},"s":{},"f":{},"b":{}}
,"/Users/eugene/dev/react/expo/NavigationExample/app/+not-found.tsx": {"path":"/Users/eugene/dev/react/expo/NavigationExample/app/+not-found.tsx","statementMap":{"0":{"start":{"line":8,"column":2},"end":{"line":18,"column":4}},"1":{"start":{"line":21,"column":15},"end":{"line":32,"column":2}}},"fnMap":{"0":{"name":"NotFoundScreen","decl":{"start":{"line":7,"column":24},"end":{"line":7,"column":38}},"loc":{"start":{"line":7,"column":41},"end":{"line":19,"column":1}},"line":7}},"branchMap":{},"s":{"0":0,"1":0},"f":{"0":0},"b":{}}
,"/Users/eugene/dev/react/expo/NavigationExample/app/_layout.tsx": {"path":"/Users/eugene/dev/react/expo/NavigationExample/app/_layout.tsx","statementMap":{"0":{"start":{"line":14,"column":0},"end":{"line":14,"column":36}},"1":{"start":{"line":17,"column":22},"end":{"line":17,"column":38}},"2":{"start":{"line":18,"column":19},"end":{"line":20,"column":4}},"3":{"start":{"line":22,"column":2},"end":{"line":26,"column":15}},"4":{"start":{"line":23,"column":4},"end":{"line":25,"column":5}},"5":{"start":{"line":24,"column":6},"end":{"line":24,"column":31}},"6":{"start":{"line":28,"column":2},"end":{"line":30,"column":3}},"7":{"start":{"line":29,"column":4},"end":{"line":29,"column":16}},"8":{"start":{"line":32,"column":2},"end":{"line":41,"column":4}}},"fnMap":{"0":{"name":"RootLayout","decl":{"start":{"line":16,"column":24},"end":{"line":16,"column":34}},"loc":{"start":{"line":16,"column":37},"end":{"line":42,"column":1}},"line":16},"1":{"name":"(anonymous_1)","decl":{"start":{"line":22,"column":12},"end":{"line":22,"column":13}},"loc":{"start":{"line":22,"column":18},"end":{"line":26,"column":3}},"line":22}},"branchMap":{"0":{"loc":{"start":{"line":23,"column":4},"end":{"line":25,"column":5}},"type":"if","locations":[{"start":{"line":23,"column":4},"end":{"line":25,"column":5}},{"start":{},"end":{}}],"line":23},"1":{"loc":{"start":{"line":28,"column":2},"end":{"line":30,"column":3}},"type":"if","locations":[{"start":{"line":28,"column":2},"end":{"line":30,"column":3}},{"start":{},"end":{}}],"line":28},"2":{"loc":{"start":{"line":35,"column":30},"end":{"line":35,"column":79}},"type":"cond-expr","locations":[{"start":{"line":35,"column":55},"end":{"line":35,"column":64}},{"start":{"line":35,"column":67},"end":{"line":35,"column":79}}],"line":35}},"s":{"0":0,"1":0,"2":0,"3":0,"4":0,"5":0,"6":0,"7":0,"8":0},"f":{"0":0,"1":0},"b":{"0":[0,0],"1":[0,0],"2":[0,0]}}
,"/Users/eugene/dev/react/expo/NavigationExample/app/choice.tsx": {"path":"/Users/eugene/dev/react/expo/NavigationExample/app/choice.tsx","statementMap":{"0":{"start":{"line":10,"column":40},"end":{"line":10,"column":49}},"1":{"start":{"line":11,"column":50},"end":{"line":11,"column":65}},"2":{"start":{"line":12,"column":50},"end":{"line":12,"column":65}},"3":{"start":{"line":15,"column":2},"end":{"line":27,"column":24}},"4":{"start":{"line":16,"column":4},"end":{"line":20,"column":7}},"5":{"start":{"line":22,"column":4},"end":{"line":26,"column":5}},"6":{"start":{"line":24,"column":6},"end":{"line":24,"column":76}},"7":{"start":{"line":25,"column":6},"end":{"line":25,"column":36}},"8":{"start":{"line":30,"column":2},"end":{"line":38,"column":9}},"9":{"start":{"line":32,"column":4},"end":{"line":37,"column":5}},"10":{"start":{"line":33,"column":6},"end":{"line":33,"column":70}},"11":{"start":{"line":34,"column":6},"end":{"line":34,"column":36}},"12":{"start":{"line":36,"column":6},"end":{"line":36,"column":84}},"13":{"start":{"line":41,"column":26},"end":{"line":70,"column":3}},"14":{"start":{"line":42,"column":4},"end":{"line":42,"column":49}},"15":{"start":{"line":44,"column":4},"end":{"line":44,"column":22}},"16":{"start":{"line":44,"column":15},"end":{"line":44,"column":22}},"17":{"start":{"line":46,"column":4},"end":{"line":69,"column":5}},"18":{"start":{"line":47,"column":6},"end":{"line":47,"column":32}},"19":{"start":{"line":50,"column":26},"end":{"line":50,"column":56}},"20":{"start":{"line":51,"column":37},"end":{"line":51,"column":86}},"21":{"start":{"line":53,"column":6},"end":{"line":62,"column":7}},"22":{"start":{"line":55,"column":8},"end":{"line":55,"column":102}},"23":{"start":{"line":57,"column":8},"end":{"line":57,"column":51}},"24":{"start":{"line":60,"column":8},"end":{"line":60,"column":66}},"25":{"start":{"line":61,"column":8},"end":{"line":61,"column":40}},"26":{"start":{"line":64,"column":6},"end":{"line":64,"column":62}},"27":{"start":{"line":66,"column":6},"end":{"line":66,"column":38}},"28":{"start":{"line":68,"column":6},"end":{"line":68,"column":33}},"29":{"start":{"line":73,"column":25},"end":{"line":107,"column":3}},"30":{"start":{"line":74,"column":4},"end":{"line":74,"column":48}},"31":{"start":{"line":76,"column":4},"end":{"line":76,"column":22}},"32":{"start":{"line":76,"column":15},"end":{"line":76,"column":22}},"33":{"start":{"line":78,"column":4},"end":{"line":106,"column":5}},"34":{"start":{"line":79,"column":6},"end":{"line":79,"column":32}},"35":{"start":{"line":82,"column":6},"end":{"line":86,"column":7}},"36":{"start":{"line":83,"column":8},"end":{"line":83,"column":74}},"37":{"start":{"line":84,"column":8},"end":{"line":84,"column":40}},"38":{"start":{"line":85,"column":8},"end":{"line":85,"column":15}},"39":{"start":{"line":89,"column":23},"end":{"line":89,"column":55}},"40":{"start":{"line":91,"column":6},"end":{"line":99,"column":7}},"41":{"start":{"line":93,"column":8},"end":{"line":93,"column":67}},"42":{"start":{"line":94,"column":8},"end":{"line":94,"column":40}},"43":{"start":{"line":97,"column":8},"end":{"line":97,"column":71}},"44":{"start":{"line":98,"column":8},"end":{"line":98,"column":41}},"45":{"start":{"line":101,"column":6},"end":{"line":101,"column":59}},"46":{"start":{"line":103,"column":6},"end":{"line":103,"column":39}},"47":{"start":{"line":105,"column":6},"end":{"line":105,"column":33}},"48":{"start":{"line":110,"column":2},"end":{"line":114,"column":3}},"49":{"start":{"line":111,"column":4},"end":{"line":111,"column":80}},"50":{"start":{"line":112,"column":4},"end":{"line":112,"column":34}},"51":{"start":{"line":113,"column":4},"end":{"line":113,"column":16}},"52":{"start":{"line":116,"column":2},"end":{"line":150,"column":4}},"53":{"start":{"line":153,"column":15},"end":{"line":198,"column":2}}},"fnMap":{"0":{"name":"ChoiceScreen","decl":{"start":{"line":9,"column":24},"end":{"line":9,"column":36}},"loc":{"start":{"line":9,"column":39},"end":{"line":151,"column":1}},"line":9},"1":{"name":"(anonymous_1)","decl":{"start":{"line":15,"column":12},"end":{"line":15,"column":13}},"loc":{"start":{"line":15,"column":18},"end":{"line":27,"column":3}},"line":15},"2":{"name":"(anonymous_2)","decl":{"start":{"line":30,"column":12},"end":{"line":30,"column":13}},"loc":{"start":{"line":30,"column":18},"end":{"line":38,"column":3}},"line":30},"3":{"name":"(anonymous_3)","decl":{"start":{"line":41,"column":26},"end":{"line":41,"column":27}},"loc":{"start":{"line":41,"column":38},"end":{"line":70,"column":3}},"line":41},"4":{"name":"(anonymous_4)","decl":{"start":{"line":73,"column":25},"end":{"line":73,"column":26}},"loc":{"start":{"line":73,"column":37},"end":{"line":107,"column":3}},"line":73}},"branchMap":{"0":{"loc":{"start":{"line":22,"column":4},"end":{"line":26,"column":5}},"type":"if","locations":[{"start":{"line":22,"column":4},"end":{"line":26,"column":5}},{"start":{},"end":{}}],"line":22},"1":{"loc":{"start":{"line":22,"column":8},"end":{"line":22,"column":27}},"type":"binary-expr","locations":[{"start":{"line":22,"column":8},"end":{"line":22,"column":18}},{"start":{"line":22,"column":22},"end":{"line":22,"column":27}}],"line":22},"2":{"loc":{"start":{"line":32,"column":4},"end":{"line":37,"column":5}},"type":"if","locations":[{"start":{"line":32,"column":4},"end":{"line":37,"column":5}},{"start":{"line":35,"column":11},"end":{"line":37,"column":5}}],"line":32},"3":{"loc":{"start":{"line":44,"column":4},"end":{"line":44,"column":22}},"type":"if","locations":[{"start":{"line":44,"column":4},"end":{"line":44,"column":22}},{"start":{},"end":{}}],"line":44},"4":{"loc":{"start":{"line":53,"column":6},"end":{"line":62,"column":7}},"type":"if","locations":[{"start":{"line":53,"column":6},"end":{"line":62,"column":7}},{"start":{"line":58,"column":13},"end":{"line":62,"column":7}}],"line":53},"5":{"loc":{"start":{"line":76,"column":4},"end":{"line":76,"column":22}},"type":"if","locations":[{"start":{"line":76,"column":4},"end":{"line":76,"column":22}},{"start":{},"end":{}}],"line":76},"6":{"loc":{"start":{"line":82,"column":6},"end":{"line":86,"column":7}},"type":"if","locations":[{"start":{"line":82,"column":6},"end":{"line":86,"column":7}},{"start":{},"end":{}}],"line":82},"7":{"loc":{"start":{"line":91,"column":6},"end":{"line":99,"column":7}},"type":"if","locations":[{"start":{"line":91,"column":6},"end":{"line":99,"column":7}},{"start":{"line":95,"column":13},"end":{"line":99,"column":7}}],"line":91},"8":{"loc":{"start":{"line":91,"column":10},"end":{"line":91,"column":41}},"type":"binary-expr","locations":[{"start":{"line":91,"column":10},"end":{"line":91,"column":18}},{"start":{"line":91,"column":22},"end":{"line":91,"column":41}}],"line":91},"9":{"loc":{"start":{"line":110,"column":2},"end":{"line":114,"column":3}},"type":"if","locations":[{"start":{"line":110,"column":2},"end":{"line":114,"column":3}},{"start":{},"end":{}}],"line":110},"10":{"loc":{"start":{"line":110,"column":6},"end":{"line":110,"column":25}},"type":"binary-expr","locations":[{"start":{"line":110,"column":6},"end":{"line":110,"column":16}},{"start":{"line":110,"column":20},"end":{"line":110,"column":25}}],"line":110},"11":{"loc":{"start":{"line":121,"column":37},"end":{"line":121,"column":78}},"type":"binary-expr","locations":[{"start":{"line":121,"column":37},"end":{"line":121,"column":53}},{"start":{"line":121,"column":57},"end":{"line":121,"column":78}}],"line":121},"12":{"loc":{"start":{"line":123,"column":18},"end":{"line":123,"column":54}},"type":"binary-expr","locations":[{"start":{"line":123,"column":18},"end":{"line":123,"column":34}},{"start":{"line":123,"column":38},"end":{"line":123,"column":54}}],"line":123},"13":{"loc":{"start":{"line":125,"column":9},"end":{"line":132,"column":9}},"type":"cond-expr","locations":[{"start":{"line":126,"column":10},"end":{"line":129,"column":17}},{"start":{"line":131,"column":10},"end":{"line":131,"column":69}}],"line":125},"14":{"loc":{"start":{"line":136,"column":37},"end":{"line":136,"column":78}},"type":"binary-expr","locations":[{"start":{"line":136,"column":37},"end":{"line":136,"column":53}},{"start":{"line":136,"column":57},"end":{"line":136,"column":78}}],"line":136},"15":{"loc":{"start":{"line":138,"column":18},"end":{"line":138,"column":54}},"type":"binary-expr","locations":[{"start":{"line":138,"column":18},"end":{"line":138,"column":34}},{"start":{"line":138,"column":38},"end":{"line":138,"column":54}}],"line":138},"16":{"loc":{"start":{"line":140,"column":9},"end":{"line":147,"column":9}},"type":"cond-expr","locations":[{"start":{"line":141,"column":10},"end":{"line":144,"column":17}},{"start":{"line":146,"column":10},"end":{"line":146,"column":68}}],"line":140}},"s":{"0":0,"1":0,"2":0,"3":0,"4":0,"5":0,"6":0,"7":0,"8":0,"9":0,"10":0,"11":0,"12":0,"13":0,"14":0,"15":0,"16":0,"17":0,"18":0,"19":0,"20":0,"21":0,"22":0,"23":0,"24":0,"25":0,"26":0,"27":0,"28":0,"29":0,"30":0,"31":0,"32":0,"33":0,"34":0,"35":0,"36":0,"37":0,"38":0,"39":0,"40":0,"41":0,"42":0,"43":0,"44":0,"45":0,"46":0,"47":0,"48":0,"49":0,"50":0,"51":0,"52":0,"53":0},"f":{"0":0,"1":0,"2":0,"3":0,"4":0},"b":{"0":[0,0],"1":[0,0],"2":[0,0],"3":[0,0],"4":[0,0],"5":[0,0],"6":[0,0],"7":[0,0],"8":[0,0],"9":[0,0],"10":[0,0],"11":[0,0],"12":[0,0],"13":[0,0],"14":[0,0],"15":[0,0],"16":[0,0]}}
,"/Users/eugene/dev/react/expo/NavigationExample/app/index.tsx": {"path":"/Users/eugene/dev/react/expo/NavigationExample/app/index.tsx","statementMap":{"0":{"start":{"line":5,"column":2},"end":{"line":5,"column":37}}},"fnMap":{"0":{"name":"Index","decl":{"start":{"line":3,"column":24},"end":{"line":3,"column":29}},"loc":{"start":{"line":3,"column":32},"end":{"line":6,"column":1}},"line":3}},"branchMap":{},"s":{"0":0},"f":{"0":0},"b":{}}
,"/Users/eugene/dev/react/expo/NavigationExample/app/(tabs)/_layout.tsx": {"path":"/Users/eugene/dev/react/expo/NavigationExample/app/(tabs)/_layout.tsx","statementMap":{"0":{"start":{"line":14,"column":22},"end":{"line":14,"column":38}},"1":{"start":{"line":15,"column":30},"end":{"line":15,"column":39}},"2":{"start":{"line":18,"column":2},"end":{"line":24,"column":24}},"3":{"start":{"line":19,"column":4},"end":{"line":23,"column":7}},"4":{"start":{"line":26,"column":2},"end":{"line":56,"column":4}},"5":{"start":{"line":45,"column":37},"end":{"line":45,"column":93}},"6":{"start":{"line":52,"column":37},"end":{"line":52,"column":98}}},"fnMap":{"0":{"name":"TabLayout","decl":{"start":{"line":13,"column":24},"end":{"line":13,"column":33}},"loc":{"start":{"line":13,"column":36},"end":{"line":57,"column":1}},"line":13},"1":{"name":"(anonymous_1)","decl":{"start":{"line":18,"column":12},"end":{"line":18,"column":13}},"loc":{"start":{"line":18,"column":18},"end":{"line":24,"column":3}},"line":18},"2":{"name":"(anonymous_2)","decl":{"start":{"line":45,"column":22},"end":{"line":45,"column":23}},"loc":{"start":{"line":45,"column":37},"end":{"line":45,"column":93}},"line":45},"3":{"name":"(anonymous_3)","decl":{"start":{"line":52,"column":22},"end":{"line":52,"column":23}},"loc":{"start":{"line":52,"column":37},"end":{"line":52,"column":98}},"line":52}},"branchMap":{"0":{"loc":{"start":{"line":29,"column":38},"end":{"line":29,"column":60}},"type":"binary-expr","locations":[{"start":{"line":29,"column":38},"end":{"line":29,"column":49}},{"start":{"line":29,"column":53},"end":{"line":29,"column":60}}],"line":29}},"s":{"0":0,"1":0,"2":0,"3":0,"4":0,"5":0,"6":0},"f":{"0":0,"1":0,"2":0,"3":0},"b":{"0":[0,0]}}
,"/Users/eugene/dev/react/expo/NavigationExample/app/(tabs)/explore.tsx": {"path":"/Users/eugene/dev/react/expo/NavigationExample/app/(tabs)/explore.tsx","statementMap":{"0":{"start":{"line":11,"column":2},"end":{"line":95,"column":4}},"1":{"start":{"line":98,"column":15},"end":{"line":109,"column":2}}},"fnMap":{"0":{"name":"TabTwoScreen","decl":{"start":{"line":10,"column":24},"end":{"line":10,"column":36}},"loc":{"start":{"line":10,"column":39},"end":{"line":96,"column":1}},"line":10}},"branchMap":{},"s":{"0":0,"1":0},"f":{"0":0},"b":{}}
,"/Users/eugene/dev/react/expo/NavigationExample/app/(tabs)/index.tsx": {"path":"/Users/eugene/dev/react/expo/NavigationExample/app/(tabs)/index.tsx","statementMap":{"0":{"start":{"line":10,"column":27},"end":{"line":10,"column":36}},"1":{"start":{"line":13,"column":2},"end":{"line":18,"column":13}},"2":{"start":{"line":14,"column":4},"end":{"line":17,"column":7}},"3":{"start":{"line":20,"column":23},"end":{"line":32,"column":3}},"4":{"start":{"line":21,"column":4},"end":{"line":21,"column":34}},"5":{"start":{"line":22,"column":4},"end":{"line":31,"column":5}},"6":{"start":{"line":23,"column":6},"end":{"line":23,"column":21}},"7":{"start":{"line":24,"column":6},"end":{"line":24,"column":45}},"8":{"start":{"line":27,"column":6},"end":{"line":27,"column":60}},"9":{"start":{"line":30,"column":6},"end":{"line":30,"column":44}},"10":{"start":{"line":34,"column":2},"end":{"line":127,"column":4}},"11":{"start":{"line":96,"column":12},"end":{"line":96,"column":51}},"12":{"start":{"line":97,"column":12},"end":{"line":105,"column":13}},"13":{"start":{"line":99,"column":14},"end":{"line":99,"column":80}},"14":{"start":{"line":100,"column":14},"end":{"line":100,"column":37}},"15":{"start":{"line":103,"column":14},"end":{"line":103,"column":81}},"16":{"start":{"line":104,"column":14},"end":{"line":104,"column":47}},"17":{"start":{"line":130,"column":15},"end":{"line":228,"column":2}}},"fnMap":{"0":{"name":"WelcomeScreen","decl":{"start":{"line":9,"column":24},"end":{"line":9,"column":37}},"loc":{"start":{"line":9,"column":40},"end":{"line":128,"column":1}},"line":9},"1":{"name":"(anonymous_1)","decl":{"start":{"line":13,"column":12},"end":{"line":13,"column":13}},"loc":{"start":{"line":13,"column":18},"end":{"line":18,"column":3}},"line":13},"2":{"name":"(anonymous_2)","decl":{"start":{"line":20,"column":23},"end":{"line":20,"column":24}},"loc":{"start":{"line":20,"column":35},"end":{"line":32,"column":3}},"line":20},"3":{"name":"(anonymous_3)","decl":{"start":{"line":95,"column":19},"end":{"line":95,"column":20}},"loc":{"start":{"line":95,"column":25},"end":{"line":106,"column":11}},"line":95}},"branchMap":{"0":{"loc":{"start":{"line":97,"column":12},"end":{"line":105,"column":13}},"type":"if","locations":[{"start":{"line":97,"column":12},"end":{"line":105,"column":13}},{"start":{"line":101,"column":19},"end":{"line":105,"column":13}}],"line":97},"1":{"loc":{"start":{"line":109,"column":13},"end":{"line":109,"column":55}},"type":"cond-expr","locations":[{"start":{"line":109,"column":20},"end":{"line":109,"column":42}},{"start":{"line":109,"column":45},"end":{"line":109,"column":55}}],"line":109},"2":{"loc":{"start":{"line":114,"column":9},"end":{"line":121,"column":9}},"type":"binary-expr","locations":[{"start":{"line":114,"column":9},"end":{"line":114,"column":13}},{"start":{"line":115,"column":10},"end":{"line":120,"column":29}}],"line":114}},"s":{"0":0,"1":0,"2":0,"3":0,"4":0,"5":0,"6":0,"7":0,"8":0,"9":0,"10":0,"11":0,"12":0,"13":0,"14":0,"15":0,"16":0,"17":0},"f":{"0":0,"1":0,"2":0,"3":0},"b":{"0":[0,0],"1":[0,0],"2":[0,0]}}
,"/Users/eugene/dev/react/expo/NavigationExample/app/choice1/customer-dashboard.tsx": {"path":"/Users/eugene/dev/react/expo/NavigationExample/app/choice1/customer-dashboard.tsx","statementMap":{"0":{"start":{"line":18,"column":19},"end":{"line":18,"column":28}},"1":{"start":{"line":21,"column":46},"end":{"line":21,"column":58}},"2":{"start":{"line":22,"column":36},"end":{"line":22,"column":50}},"3":{"start":{"line":25,"column":49},"end":{"line":25,"column":90}},"4":{"start":{"line":28,"column":2},"end":{"line":90,"column":13}},"5":{"start":{"line":29,"column":25},"end":{"line":87,"column":5}},"6":{"start":{"line":30,"column":6},"end":{"line":30,"column":24}},"7":{"start":{"line":30,"column":17},"end":{"line":30,"column":24}},"8":{"start":{"line":32,"column":6},"end":{"line":86,"column":7}},"9":{"start":{"line":33,"column":8},"end":{"line":33,"column":27}},"10":{"start":{"line":34,"column":8},"end":{"line":34,"column":89}},"11":{"start":{"line":35,"column":25},"end":{"line":35,"column":58}},"12":{"start":{"line":36,"column":8},"end":{"line":37,"column":76}},"13":{"start":{"line":40,"column":34},"end":{"line":77,"column":10}},"14":{"start":{"line":41,"column":10},"end":{"line":41,"column":86}},"15":{"start":{"line":42,"column":10},"end":{"line":43,"column":86}},"16":{"start":{"line":45,"column":10},"end":{"line":76,"column":11}},"17":{"start":{"line":47,"column":32},"end":{"line":47,"column":46}},"18":{"start":{"line":48,"column":12},"end":{"line":54,"column":13}},"19":{"start":{"line":49,"column":14},"end":{"line":53,"column":15}},"20":{"start":{"line":50,"column":16},"end":{"line":50,"column":81}},"21":{"start":{"line":51,"column":21},"end":{"line":53,"column":15}},"22":{"start":{"line":52,"column":16},"end":{"line":52,"column":72}},"23":{"start":{"line":56,"column":12},"end":{"line":64,"column":14}},"24":{"start":{"line":66,"column":12},"end":{"line":66,"column":89}},"25":{"start":{"line":67,"column":12},"end":{"line":75,"column":14}},"26":{"start":{"line":79,"column":8},"end":{"line":80,"column":98}},"27":{"start":{"line":81,"column":8},"end":{"line":81,"column":45}},"28":{"start":{"line":83,"column":8},"end":{"line":83,"column":56}},"29":{"start":{"line":85,"column":8},"end":{"line":85,"column":28}},"30":{"start":{"line":89,"column":4},"end":{"line":89,"column":19}},"31":{"start":{"line":92,"column":42},"end":{"line":92,"column":54}},"32":{"start":{"line":95,"column":2},"end":{"line":118,"column":13}},"33":{"start":{"line":96,"column":29},"end":{"line":115,"column":5}},"34":{"start":{"line":97,"column":6},"end":{"line":97,"column":24}},"35":{"start":{"line":97,"column":17},"end":{"line":97,"column":24}},"36":{"start":{"line":99,"column":6},"end":{"line":114,"column":7}},"37":{"start":{"line":100,"column":25},"end":{"line":100,"column":56}},"38":{"start":{"line":103,"column":34},"end":{"line":109,"column":11}},"39":{"start":{"line":103,"column":59},"end":{"line":109,"column":9}},"40":{"start":{"line":111,"column":8},"end":{"line":111,"column":43}},"41":{"start":{"line":113,"column":8},"end":{"line":113,"column":61}},"42":{"start":{"line":117,"column":4},"end":{"line":117,"column":23}},"43":{"start":{"line":120,"column":25},"end":{"line":129,"column":3}},"44":{"start":{"line":121,"column":4},"end":{"line":128,"column":5}},"45":{"start":{"line":122,"column":22},"end":{"line":122,"column":39}},"46":{"start":{"line":123,"column":24},"end":{"line":123,"column":41}},"47":{"start":{"line":124,"column":26},"end":{"line":124,"column":43}},"48":{"start":{"line":125,"column":24},"end":{"line":125,"column":41}},"49":{"start":{"line":126,"column":24},"end":{"line":126,"column":41}},"50":{"start":{"line":127,"column":15},"end":{"line":127,"column":32}},"51":{"start":{"line":131,"column":24},"end":{"line":140,"column":3}},"52":{"start":{"line":132,"column":4},"end":{"line":139,"column":5}},"53":{"start":{"line":133,"column":22},"end":{"line":133,"column":52}},"54":{"start":{"line":134,"column":24},"end":{"line":134,"column":43}},"55":{"start":{"line":135,"column":26},"end":{"line":135,"column":47}},"56":{"start":{"line":136,"column":24},"end":{"line":136,"column":43}},"57":{"start":{"line":137,"column":24},"end":{"line":137,"column":43}},"58":{"start":{"line":138,"column":15},"end":{"line":138,"column":29}},"59":{"start":{"line":142,"column":27},"end":{"line":144,"column":3}},"60":{"start":{"line":143,"column":4},"end":{"line":143,"column":36}},"61":{"start":{"line":146,"column":29},"end":{"line":150,"column":3}},"62":{"start":{"line":149,"column":4},"end":{"line":149,"column":37}},"63":{"start":{"line":152,"column":2},"end":{"line":311,"column":4}},"64":{"start":{"line":193,"column":14},"end":{"line":252,"column":31}},"65":{"start":{"line":196,"column":31},"end":{"line":196,"column":61}},"66":{"start":{"line":245,"column":35},"end":{"line":245,"column":67}},"67":{"start":{"line":271,"column":10},"end":{"line":285,"column":29}},"68":{"start":{"line":274,"column":27},"end":{"line":274,"column":57}},"69":{"start":{"line":314,"column":15},"end":{"line":641,"column":2}}},"fnMap":{"0":{"name":"CustomerDashboard","decl":{"start":{"line":17,"column":24},"end":{"line":17,"column":41}},"loc":{"start":{"line":17,"column":44},"end":{"line":312,"column":1}},"line":17},"1":{"name":"(anonymous_1)","decl":{"start":{"line":28,"column":12},"end":{"line":28,"column":13}},"loc":{"start":{"line":28,"column":18},"end":{"line":90,"column":3}},"line":28},"2":{"name":"(anonymous_2)","decl":{"start":{"line":29,"column":25},"end":{"line":29,"column":26}},"loc":{"start":{"line":29,"column":37},"end":{"line":87,"column":5}},"line":29},"3":{"name":"(anonymous_3)","decl":{"start":{"line":40,"column":47},"end":{"line":40,"column":48}},"loc":{"start":{"line":40,"column":58},"end":{"line":77,"column":9}},"line":40},"4":{"name":"(anonymous_4)","decl":{"start":{"line":95,"column":12},"end":{"line":95,"column":13}},"loc":{"start":{"line":95,"column":18},"end":{"line":118,"column":3}},"line":95},"5":{"name":"(anonymous_5)","decl":{"start":{"line":96,"column":29},"end":{"line":96,"column":30}},"loc":{"start":{"line":96,"column":41},"end":{"line":115,"column":5}},"line":96},"6":{"name":"(anonymous_6)","decl":{"start":{"line":103,"column":47},"end":{"line":103,"column":48}},"loc":{"start":{"line":103,"column":59},"end":{"line":109,"column":9}},"line":103},"7":{"name":"(anonymous_7)","decl":{"start":{"line":120,"column":25},"end":{"line":120,"column":26}},"loc":{"start":{"line":120,"column":37},"end":{"line":129,"column":3}},"line":120},"8":{"name":"(anonymous_8)","decl":{"start":{"line":131,"column":24},"end":{"line":131,"column":25}},"loc":{"start":{"line":131,"column":36},"end":{"line":140,"column":3}},"line":131},"9":{"name":"(anonymous_9)","decl":{"start":{"line":142,"column":27},"end":{"line":142,"column":28}},"loc":{"start":{"line":142,"column":33},"end":{"line":144,"column":3}},"line":142},"10":{"name":"(anonymous_10)","decl":{"start":{"line":146,"column":29},"end":{"line":146,"column":30}},"loc":{"start":{"line":146,"column":44},"end":{"line":150,"column":3}},"line":146},"11":{"name":"(anonymous_11)","decl":{"start":{"line":192,"column":31},"end":{"line":192,"column":32}},"loc":{"start":{"line":193,"column":14},"end":{"line":252,"column":31}},"line":193},"12":{"name":"(anonymous_12)","decl":{"start":{"line":196,"column":25},"end":{"line":196,"column":26}},"loc":{"start":{"line":196,"column":31},"end":{"line":196,"column":61}},"line":196},"13":{"name":"(anonymous_13)","decl":{"start":{"line":245,"column":29},"end":{"line":245,"column":30}},"loc":{"start":{"line":245,"column":35},"end":{"line":245,"column":67}},"line":245},"14":{"name":"(anonymous_14)","decl":{"start":{"line":270,"column":26},"end":{"line":270,"column":27}},"loc":{"start":{"line":271,"column":10},"end":{"line":285,"column":29}},"line":271},"15":{"name":"(anonymous_15)","decl":{"start":{"line":274,"column":21},"end":{"line":274,"column":22}},"loc":{"start":{"line":274,"column":27},"end":{"line":274,"column":57}},"line":274}},"branchMap":{"0":{"loc":{"start":{"line":30,"column":6},"end":{"line":30,"column":24}},"type":"if","locations":[{"start":{"line":30,"column":6},"end":{"line":30,"column":24}},{"start":{},"end":{}}],"line":30},"1":{"loc":{"start":{"line":37,"column":10},"end":{"line":37,"column":74}},"type":"cond-expr","locations":[{"start":{"line":37,"column":28},"end":{"line":37,"column":52}},{"start":{"line":37,"column":55},"end":{"line":37,"column":74}}],"line":37},"2":{"loc":{"start":{"line":43,"column":12},"end":{"line":43,"column":84}},"type":"cond-expr","locations":[{"start":{"line":43,"column":37},"end":{"line":43,"column":70}},{"start":{"line":43,"column":73},"end":{"line":43,"column":84}}],"line":43},"3":{"loc":{"start":{"line":48,"column":12},"end":{"line":54,"column":13}},"type":"if","locations":[{"start":{"line":48,"column":12},"end":{"line":54,"column":13}},{"start":{},"end":{}}],"line":48},"4":{"loc":{"start":{"line":49,"column":14},"end":{"line":53,"column":15}},"type":"if","locations":[{"start":{"line":49,"column":14},"end":{"line":53,"column":15}},{"start":{"line":51,"column":21},"end":{"line":53,"column":15}}],"line":49},"5":{"loc":{"start":{"line":51,"column":21},"end":{"line":53,"column":15}},"type":"if","locations":[{"start":{"line":51,"column":21},"end":{"line":53,"column":15}},{"start":{},"end":{}}],"line":51},"6":{"loc":{"start":{"line":73,"column":22},"end":{"line":73,"column":56}},"type":"binary-expr","locations":[{"start":{"line":73,"column":22},"end":{"line":73,"column":43}},{"start":{"line":73,"column":47},"end":{"line":73,"column":56}}],"line":73},"7":{"loc":{"start":{"line":74,"column":27},"end":{"line":74,"column":66}},"type":"binary-expr","locations":[{"start":{"line":74,"column":27},"end":{"line":74,"column":53}},{"start":{"line":74,"column":57},"end":{"line":74,"column":66}}],"line":74},"8":{"loc":{"start":{"line":80,"column":10},"end":{"line":80,"column":96}},"type":"cond-expr","locations":[{"start":{"line":80,"column":37},"end":{"line":80,"column":70}},{"start":{"line":80,"column":73},"end":{"line":80,"column":96}}],"line":80},"9":{"loc":{"start":{"line":97,"column":6},"end":{"line":97,"column":24}},"type":"if","locations":[{"start":{"line":97,"column":6},"end":{"line":97,"column":24}},{"start":{},"end":{}}],"line":97},"10":{"loc":{"start":{"line":106,"column":18},"end":{"line":106,"column":72}},"type":"cond-expr","locations":[{"start":{"line":106,"column":51},"end":{"line":106,"column":60}},{"start":{"line":106,"column":63},"end":{"line":106,"column":72}}],"line":106},"11":{"loc":{"start":{"line":107,"column":23},"end":{"line":107,"column":87}},"type":"cond-expr","locations":[{"start":{"line":107,"column":59},"end":{"line":107,"column":70}},{"start":{"line":107,"column":73},"end":{"line":107,"column":87}}],"line":107},"12":{"loc":{"start":{"line":121,"column":4},"end":{"line":128,"column":5}},"type":"switch","locations":[{"start":{"line":122,"column":6},"end":{"line":122,"column":39}},{"start":{"line":123,"column":6},"end":{"line":123,"column":41}},{"start":{"line":124,"column":6},"end":{"line":124,"column":43}},{"start":{"line":125,"column":6},"end":{"line":125,"column":41}},{"start":{"line":126,"column":6},"end":{"line":126,"column":41}},{"start":{"line":127,"column":6},"end":{"line":127,"column":32}}],"line":121},"13":{"loc":{"start":{"line":132,"column":4},"end":{"line":139,"column":5}},"type":"switch","locations":[{"start":{"line":133,"column":6},"end":{"line":133,"column":52}},{"start":{"line":134,"column":6},"end":{"line":134,"column":43}},{"start":{"line":135,"column":6},"end":{"line":135,"column":47}},{"start":{"line":136,"column":6},"end":{"line":136,"column":43}},{"start":{"line":137,"column":6},"end":{"line":137,"column":43}},{"start":{"line":138,"column":6},"end":{"line":138,"column":29}}],"line":132},"14":{"loc":{"start":{"line":156,"column":48},"end":{"line":156,"column":69}},"type":"binary-expr","locations":[{"start":{"line":156,"column":48},"end":{"line":156,"column":58}},{"start":{"line":156,"column":62},"end":{"line":156,"column":69}}],"line":156},"15":{"loc":{"start":{"line":185,"column":9},"end":{"line":261,"column":9}},"type":"cond-expr","locations":[{"start":{"line":186,"column":10},"end":{"line":189,"column":17}},{"start":{"line":191,"column":10},"end":{"line":260,"column":11}}],"line":185},"16":{"loc":{"start":{"line":191,"column":10},"end":{"line":260,"column":11}},"type":"cond-expr","locations":[{"start":{"line":192,"column":12},"end":{"line":253,"column":14}},{"start":{"line":255,"column":12},"end":{"line":259,"column":19}}],"line":191}},"s":{"0":0,"1":0,"2":0,"3":0,"4":0,"5":0,"6":0,"7":0,"8":0,"9":0,"10":0,"11":0,"12":0,"13":0,"14":0,"15":0,"16":0,"17":0,"18":0,"19":0,"20":0,"21":0,"22":0,"23":0,"24":0,"25":0,"26":0,"27":0,"28":0,"29":0,"30":0,"31":0,"32":0,"33":0,"34":0,"35":0,"36":0,"37":0,"38":0,"39":0,"40":0,"41":0,"42":0,"43":0,"44":0,"45":0,"46":0,"47":0,"48":0,"49":0,"50":0,"51":0,"52":0,"53":0,"54":0,"55":0,"56":0,"57":0,"58":0,"59":0,"60":0,"61":0,"62":0,"63":0,"64":0,"65":0,"66":0,"67":0,"68":0,"69":0},"f":{"0":0,"1":0,"2":0,"3":0,"4":0,"5":0,"6":0,"7":0,"8":0,"9":0,"10":0,"11":0,"12":0,"13":0,"14":0,"15":0},"b":{"0":[0,0],"1":[0,0],"2":[0,0],"3":[0,0],"4":[0,0],"5":[0,0],"6":[0,0],"7":[0,0],"8":[0,0],"9":[0,0],"10":[0,0],"11":[0,0],"12":[0,0,0,0,0,0],"13":[0,0,0,0,0,0],"14":[0,0],"15":[0,0],"16":[0,0]}}
,"/Users/eugene/dev/react/expo/NavigationExample/app/choice1/screen1.tsx": {"path":"/Users/eugene/dev/react/expo/NavigationExample/app/choice1/screen1.tsx","statementMap":{"0":{"start":{"line":7,"column":45},"end":{"line":7,"column":57}},"1":{"start":{"line":10,"column":50},"end":{"line":10,"column":94}},"2":{"start":{"line":11,"column":44},"end":{"line":11,"column":85}},"3":{"start":{"line":12,"column":54},"end":{"line":12,"column":100}},"4":{"start":{"line":13,"column":38},"end":{"line":13,"column":50}},"5":{"start":{"line":14,"column":38},"end":{"line":14,"column":50}},"6":{"start":{"line":15,"column":48},"end":{"line":15,"column":94}},"7":{"start":{"line":16,"column":40},"end":{"line":16,"column":82}},"8":{"start":{"line":19,"column":25},"end":{"line":19,"column":86}},"9":{"start":{"line":22,"column":2},"end":{"line":28,"column":9}},"10":{"start":{"line":23,"column":4},"end":{"line":27,"column":5}},"11":{"start":{"line":24,"column":19},"end":{"line":24,"column":55}},"12":{"start":{"line":25,"column":6},"end":{"line":25,"column":54}},"13":{"start":{"line":26,"column":6},"end":{"line":26,"column":94}},"14":{"start":{"line":30,"column":2},"end":{"line":150,"column":4}},"15":{"start":{"line":126,"column":14},"end":{"line":134,"column":17}},"16":{"start":{"line":135,"column":14},"end":{"line":135,"column":46}},"17":{"start":{"line":143,"column":27},"end":{"line":143,"column":49}},"18":{"start":{"line":153,"column":15},"end":{"line":266,"column":2}}},"fnMap":{"0":{"name":"Choice1Screen1","decl":{"start":{"line":6,"column":24},"end":{"line":6,"column":38}},"loc":{"start":{"line":6,"column":41},"end":{"line":151,"column":1}},"line":6},"1":{"name":"(anonymous_1)","decl":{"start":{"line":22,"column":12},"end":{"line":22,"column":13}},"loc":{"start":{"line":22,"column":18},"end":{"line":28,"column":3}},"line":22},"2":{"name":"(anonymous_2)","decl":{"start":{"line":124,"column":21},"end":{"line":124,"column":22}},"loc":{"start":{"line":124,"column":27},"end":{"line":136,"column":13}},"line":124},"3":{"name":"(anonymous_3)","decl":{"start":{"line":143,"column":21},"end":{"line":143,"column":22}},"loc":{"start":{"line":143,"column":27},"end":{"line":143,"column":49}},"line":143}},"branchMap":{"0":{"loc":{"start":{"line":10,"column":59},"end":{"line":10,"column":93}},"type":"binary-expr","locations":[{"start":{"line":10,"column":59},"end":{"line":10,"column":87}},{"start":{"line":10,"column":91},"end":{"line":10,"column":93}}],"line":10},"1":{"loc":{"start":{"line":11,"column":53},"end":{"line":11,"column":84}},"type":"binary-expr","locations":[{"start":{"line":11,"column":53},"end":{"line":11,"column":78}},{"start":{"line":11,"column":82},"end":{"line":11,"column":84}}],"line":11},"2":{"loc":{"start":{"line":12,"column":63},"end":{"line":12,"column":99}},"type":"binary-expr","locations":[{"start":{"line":12,"column":63},"end":{"line":12,"column":93}},{"start":{"line":12,"column":97},"end":{"line":12,"column":99}}],"line":12},"3":{"loc":{"start":{"line":15,"column":57},"end":{"line":15,"column":93}},"type":"binary-expr","locations":[{"start":{"line":15,"column":57},"end":{"line":15,"column":84}},{"start":{"line":15,"column":88},"end":{"line":15,"column":93}}],"line":15},"4":{"loc":{"start":{"line":16,"column":49},"end":{"line":16,"column":81}},"type":"binary-expr","locations":[{"start":{"line":16,"column":49},"end":{"line":16,"column":72}},{"start":{"line":16,"column":76},"end":{"line":16,"column":81}}],"line":16},"5":{"loc":{"start":{"line":19,"column":25},"end":{"line":19,"column":86}},"type":"cond-expr","locations":[{"start":{"line":19,"column":52},"end":{"line":19,"column":81}},{"start":{"line":19,"column":84},"end":{"line":19,"column":86}}],"line":19},"6":{"loc":{"start":{"line":19,"column":25},"end":{"line":19,"column":49}},"type":"binary-expr","locations":[{"start":{"line":19,"column":25},"end":{"line":19,"column":35}},{"start":{"line":19,"column":39},"end":{"line":19,"column":49}}],"line":19},"7":{"loc":{"start":{"line":23,"column":4},"end":{"line":27,"column":5}},"type":"if","locations":[{"start":{"line":23,"column":4},"end":{"line":27,"column":5}},{"start":{},"end":{}}],"line":23},"8":{"loc":{"start":{"line":95,"column":53},"end":{"line":95,"column":83}},"type":"cond-expr","locations":[{"start":{"line":95,"column":71},"end":{"line":95,"column":76}},{"start":{"line":95,"column":79},"end":{"line":95,"column":83}}],"line":95},"9":{"loc":{"start":{"line":98,"column":28},"end":{"line":98,"column":67}},"type":"cond-expr","locations":[{"start":{"line":98,"column":46},"end":{"line":98,"column":55}},{"start":{"line":98,"column":58},"end":{"line":98,"column":67}}],"line":98},"10":{"loc":{"start":{"line":110,"column":53},"end":{"line":110,"column":79}},"type":"cond-expr","locations":[{"start":{"line":110,"column":67},"end":{"line":110,"column":72}},{"start":{"line":110,"column":75},"end":{"line":110,"column":79}}],"line":110},"11":{"loc":{"start":{"line":113,"column":28},"end":{"line":113,"column":63}},"type":"cond-expr","locations":[{"start":{"line":113,"column":42},"end":{"line":113,"column":51}},{"start":{"line":113,"column":54},"end":{"line":113,"column":63}}],"line":113},"12":{"loc":{"start":{"line":130,"column":32},"end":{"line":130,"column":86}},"type":"cond-expr","locations":[{"start":{"line":130,"column":49},"end":{"line":130,"column":73}},{"start":{"line":130,"column":76},"end":{"line":130,"column":86}}],"line":130}},"s":{"0":0,"1":0,"2":0,"3":0,"4":0,"5":0,"6":0,"7":0,"8":0,"9":0,"10":0,"11":0,"12":0,"13":0,"14":0,"15":0,"16":0,"17":0,"18":0},"f":{"0":0,"1":0,"2":0,"3":0},"b":{"0":[0,0],"1":[0,0],"2":[0,0],"3":[0,0],"4":[0,0],"5":[0,0],"6":[0,0],"7":[0,0],"8":[0,0],"9":[0,0],"10":[0,0],"11":[0,0],"12":[0,0]}}
,"/Users/eugene/dev/react/expo/NavigationExample/app/choice1/screen2.tsx": {"path":"/Users/eugene/dev/react/expo/NavigationExample/app/choice1/screen2.tsx","statementMap":{"0":{"start":{"line":21,"column":30},"end":{"line":21,"column":55}},"1":{"start":{"line":24,"column":19},"end":{"line":30,"column":3}},"2":{"start":{"line":26,"column":18},"end":{"line":26,"column":39}},"3":{"start":{"line":27,"column":27},"end":{"line":27,"column":80}},"4":{"start":{"line":29,"column":4},"end":{"line":29,"column":63}},"5":{"start":{"line":32,"column":22},"end":{"line":50,"column":3}},"6":{"start":{"line":33,"column":4},"end":{"line":49,"column":6}},"7":{"start":{"line":44,"column":12},"end":{"line":44,"column":63}},"8":{"start":{"line":44,"column":45},"end":{"line":44,"column":60}},"9":{"start":{"line":52,"column":2},"end":{"line":109,"column":4}},"10":{"start":{"line":71,"column":14},"end":{"line":79,"column":21}},"11":{"start":{"line":75,"column":33},"end":{"line":75,"column":54}},"12":{"start":{"line":96,"column":25},"end":{"line":96,"column":56}},"13":{"start":{"line":103,"column":25},"end":{"line":103,"column":56}},"14":{"start":{"line":112,"column":15},"end":{"line":222,"column":2}}},"fnMap":{"0":{"name":"Choice1Screen2","decl":{"start":{"line":20,"column":24},"end":{"line":20,"column":38}},"loc":{"start":{"line":20,"column":41},"end":{"line":110,"column":1}},"line":20},"1":{"name":"(anonymous_1)","decl":{"start":{"line":24,"column":19},"end":{"line":24,"column":20}},"loc":{"start":{"line":24,"column":25},"end":{"line":30,"column":3}},"line":24},"2":{"name":"(anonymous_2)","decl":{"start":{"line":32,"column":22},"end":{"line":32,"column":23}},"loc":{"start":{"line":32,"column":38},"end":{"line":50,"column":3}},"line":32},"3":{"name":"(anonymous_3)","decl":{"start":{"line":43,"column":19},"end":{"line":43,"column":20}},"loc":{"start":{"line":43,"column":25},"end":{"line":45,"column":11}},"line":43},"4":{"name":"(anonymous_4)","decl":{"start":{"line":44,"column":36},"end":{"line":44,"column":37}},"loc":{"start":{"line":44,"column":45},"end":{"line":44,"column":60}},"line":44},"5":{"name":"(anonymous_5)","decl":{"start":{"line":70,"column":24},"end":{"line":70,"column":25}},"loc":{"start":{"line":71,"column":14},"end":{"line":79,"column":21}},"line":71},"6":{"name":"(anonymous_6)","decl":{"start":{"line":75,"column":27},"end":{"line":75,"column":28}},"loc":{"start":{"line":75,"column":33},"end":{"line":75,"column":54}},"line":75},"7":{"name":"(anonymous_7)","decl":{"start":{"line":96,"column":19},"end":{"line":96,"column":20}},"loc":{"start":{"line":96,"column":25},"end":{"line":96,"column":56}},"line":96},"8":{"name":"(anonymous_8)","decl":{"start":{"line":103,"column":19},"end":{"line":103,"column":20}},"loc":{"start":{"line":103,"column":25},"end":{"line":103,"column":56}},"line":103}},"branchMap":{"0":{"loc":{"start":{"line":63,"column":9},"end":{"line":82,"column":9}},"type":"cond-expr","locations":[{"start":{"line":64,"column":10},"end":{"line":67,"column":17}},{"start":{"line":69,"column":10},"end":{"line":81,"column":17}}],"line":63}},"s":{"0":0,"1":0,"2":0,"3":0,"4":0,"5":0,"6":0,"7":0,"8":0,"9":0,"10":0,"11":0,"12":0,"13":0,"14":0},"f":{"0":0,"1":0,"2":0,"3":0,"4":0,"5":0,"6":0,"7":0,"8":0},"b":{"0":[0,0]}}
,"/Users/eugene/dev/react/expo/NavigationExample/app/choice1/screen3.tsx": {"path":"/Users/eugene/dev/react/expo/NavigationExample/app/choice1/screen3.tsx","statementMap":{"0":{"start":{"line":27,"column":40},"end":{"line":27,"column":55}},"1":{"start":{"line":28,"column":34},"end":{"line":28,"column":60}},"2":{"start":{"line":31,"column":40},"end":{"line":62,"column":3}},"3":{"start":{"line":64,"column":23},"end":{"line":72,"column":3}},"4":{"start":{"line":65,"column":4},"end":{"line":65,"column":25}},"5":{"start":{"line":68,"column":4},"end":{"line":71,"column":13}},"6":{"start":{"line":69,"column":6},"end":{"line":69,"column":35}},"7":{"start":{"line":70,"column":6},"end":{"line":70,"column":28}},"8":{"start":{"line":74,"column":28},"end":{"line":102,"column":3}},"9":{"start":{"line":75,"column":18},"end":{"line":75,"column":20}},"10":{"start":{"line":76,"column":22},"end":{"line":76,"column":40}},"11":{"start":{"line":77,"column":24},"end":{"line":77,"column":41}},"12":{"start":{"line":80,"column":4},"end":{"line":84,"column":5}},"13":{"start":{"line":80,"column":17},"end":{"line":80,"column":18}},"14":{"start":{"line":81,"column":6},"end":{"line":83,"column":8}},"15":{"start":{"line":87,"column":4},"end":{"line":91,"column":5}},"16":{"start":{"line":88,"column":6},"end":{"line":90,"column":8}},"17":{"start":{"line":94,"column":23},"end":{"line":94,"column":60}},"18":{"start":{"line":95,"column":4},"end":{"line":99,"column":5}},"19":{"start":{"line":95,"column":17},"end":{"line":95,"column":18}},"20":{"start":{"line":96,"column":6},"end":{"line":98,"column":8}},"21":{"start":{"line":101,"column":4},"end":{"line":101,"column":17}},"22":{"start":{"line":104,"column":24},"end":{"line":107,"column":3}},"23":{"start":{"line":106,"column":4},"end":{"line":106,"column":36}},"24":{"start":{"line":109,"column":28},"end":{"line":147,"column":3}},"25":{"start":{"line":110,"column":4},"end":{"line":146,"column":23}},"26":{"start":{"line":112,"column":21},"end":{"line":112,"column":40}},"27":{"start":{"line":142,"column":23},"end":{"line":142,"column":42}},"28":{"start":{"line":149,"column":2},"end":{"line":205,"column":4}},"29":{"start":{"line":187,"column":40},"end":{"line":187,"column":47}},"30":{"start":{"line":199,"column":25},"end":{"line":199,"column":56}},"31":{"start":{"line":208,"column":15},"end":{"line":399,"column":2}}},"fnMap":{"0":{"name":"Choice1Screen3","decl":{"start":{"line":26,"column":24},"end":{"line":26,"column":38}},"loc":{"start":{"line":26,"column":41},"end":{"line":206,"column":1}},"line":26},"1":{"name":"(anonymous_1)","decl":{"start":{"line":64,"column":23},"end":{"line":64,"column":24}},"loc":{"start":{"line":64,"column":29},"end":{"line":72,"column":3}},"line":64},"2":{"name":"(anonymous_2)","decl":{"start":{"line":68,"column":15},"end":{"line":68,"column":16}},"loc":{"start":{"line":68,"column":21},"end":{"line":71,"column":5}},"line":68},"3":{"name":"(anonymous_3)","decl":{"start":{"line":74,"column":28},"end":{"line":74,"column":29}},"loc":{"start":{"line":74,"column":48},"end":{"line":102,"column":3}},"line":74},"4":{"name":"(anonymous_4)","decl":{"start":{"line":104,"column":24},"end":{"line":104,"column":25}},"loc":{"start":{"line":104,"column":49},"end":{"line":107,"column":3}},"line":104},"5":{"name":"(anonymous_5)","decl":{"start":{"line":109,"column":28},"end":{"line":109,"column":29}},"loc":{"start":{"line":110,"column":4},"end":{"line":146,"column":23}},"line":110},"6":{"name":"(anonymous_6)","decl":{"start":{"line":112,"column":15},"end":{"line":112,"column":16}},"loc":{"start":{"line":112,"column":21},"end":{"line":112,"column":40}},"line":112},"7":{"name":"(anonymous_7)","decl":{"start":{"line":142,"column":17},"end":{"line":142,"column":18}},"loc":{"start":{"line":142,"column":23},"end":{"line":142,"column":42}},"line":142},"8":{"name":"(anonymous_8)","decl":{"start":{"line":187,"column":30},"end":{"line":187,"column":31}},"loc":{"start":{"line":187,"column":40},"end":{"line":187,"column":47}},"line":187},"9":{"name":"(anonymous_9)","decl":{"start":{"line":199,"column":19},"end":{"line":199,"column":20}},"loc":{"start":{"line":199,"column":25},"end":{"line":199,"column":56}},"line":199}},"branchMap":{"0":{"loc":{"start":{"line":87,"column":4},"end":{"line":91,"column":5}},"type":"if","locations":[{"start":{"line":87,"column":4},"end":{"line":91,"column":5}},{"start":{},"end":{}}],"line":87},"1":{"loc":{"start":{"line":94,"column":40},"end":{"line":94,"column":59}},"type":"cond-expr","locations":[{"start":{"line":94,"column":54},"end":{"line":94,"column":55}},{"start":{"line":94,"column":58},"end":{"line":94,"column":59}}],"line":94},"2":{"loc":{"start":{"line":156,"column":7},"end":{"line":194,"column":7}},"type":"cond-expr","locations":[{"start":{"line":157,"column":8},"end":{"line":171,"column":15}},{"start":{"line":173,"column":8},"end":{"line":193,"column":15}}],"line":156},"3":{"loc":{"start":{"line":156,"column":7},"end":{"line":156,"column":44}},"type":"binary-expr","locations":[{"start":{"line":156,"column":7},"end":{"line":156,"column":19}},{"start":{"line":156,"column":23},"end":{"line":156,"column":44}}],"line":156},"4":{"loc":{"start":{"line":174,"column":11},"end":{"line":192,"column":11}},"type":"cond-expr","locations":[{"start":{"line":175,"column":12},"end":{"line":178,"column":19}},{"start":{"line":180,"column":12},"end":{"line":191,"column":15}}],"line":174},"5":{"loc":{"start":{"line":182,"column":35},"end":{"line":182,"column":81}},"type":"cond-expr","locations":[{"start":{"line":182,"column":59},"end":{"line":182,"column":68}},{"start":{"line":182,"column":71},"end":{"line":182,"column":81}}],"line":182}},"s":{"0":0,"1":0,"2":0,"3":0,"4":0,"5":0,"6":0,"7":0,"8":0,"9":0,"10":0,"11":0,"12":0,"13":0,"14":0,"15":0,"16":0,"17":0,"18":0,"19":0,"20":0,"21":0,"22":0,"23":0,"24":0,"25":0,"26":0,"27":0,"28":0,"29":0,"30":0,"31":0},"f":{"0":0,"1":0,"2":0,"3":0,"4":0,"5":0,"6":0,"7":0,"8":0,"9":0},"b":{"0":[0,0],"1":[0,0],"2":[0,0],"3":[0,0],"4":[0,0],"5":[0,0]}}
,"/Users/eugene/dev/react/expo/NavigationExample/app/choice1/screen4.tsx": {"path":"/Users/eugene/dev/react/expo/NavigationExample/app/choice1/screen4.tsx","statementMap":{"0":{"start":{"line":19,"column":42},"end":{"line":19,"column":57}},"1":{"start":{"line":20,"column":48},"end":{"line":20,"column":63}},"2":{"start":{"line":23,"column":17},"end":{"line":34,"column":3}},"3":{"start":{"line":37,"column":32},"end":{"line":49,"column":3}},"4":{"start":{"line":38,"column":4},"end":{"line":47,"column":5}},"5":{"start":{"line":39,"column":6},"end":{"line":46,"column":9}},"6":{"start":{"line":48,"column":4},"end":{"line":48,"column":39}},"7":{"start":{"line":52,"column":29},"end":{"line":58,"column":3}},"8":{"start":{"line":61,"column":25},"end":{"line":67,"column":3}},"9":{"start":{"line":69,"column":28},"end":{"line":97,"column":3}},"10":{"start":{"line":70,"column":18},"end":{"line":70,"column":20}},"11":{"start":{"line":71,"column":22},"end":{"line":71,"column":40}},"12":{"start":{"line":72,"column":24},"end":{"line":72,"column":41}},"13":{"start":{"line":75,"column":4},"end":{"line":79,"column":5}},"14":{"start":{"line":75,"column":17},"end":{"line":75,"column":18}},"15":{"start":{"line":76,"column":6},"end":{"line":78,"column":8}},"16":{"start":{"line":82,"column":4},"end":{"line":86,"column":5}},"17":{"start":{"line":83,"column":6},"end":{"line":85,"column":8}},"18":{"start":{"line":89,"column":23},"end":{"line":89,"column":60}},"19":{"start":{"line":90,"column":4},"end":{"line":94,"column":5}},"20":{"start":{"line":90,"column":17},"end":{"line":90,"column":18}},"21":{"start":{"line":91,"column":6},"end":{"line":93,"column":8}},"22":{"start":{"line":96,"column":4},"end":{"line":96,"column":17}},"23":{"start":{"line":100,"column":19},"end":{"line":100,"column":28}},"24":{"start":{"line":101,"column":26},"end":{"line":101,"column":38}},"25":{"start":{"line":103,"column":25},"end":{"line":173,"column":3}},"26":{"start":{"line":104,"column":4},"end":{"line":107,"column":5}},"27":{"start":{"line":105,"column":6},"end":{"line":105,"column":51}},"28":{"start":{"line":106,"column":6},"end":{"line":106,"column":13}},"29":{"start":{"line":109,"column":4},"end":{"line":109,"column":26}},"30":{"start":{"line":111,"column":4},"end":{"line":172,"column":5}},"31":{"start":{"line":113,"column":6},"end":{"line":113,"column":81}},"32":{"start":{"line":114,"column":6},"end":{"line":116,"column":7}},"33":{"start":{"line":115,"column":8},"end":{"line":115,"column":92}},"34":{"start":{"line":119,"column":26},"end":{"line":127,"column":7}},"35":{"start":{"line":131,"column":6},"end":{"line":136,"column":7}},"36":{"start":{"line":132,"column":8},"end":{"line":132,"column":48}},"37":{"start":{"line":135,"column":8},"end":{"line":135,"column":48}},"38":{"start":{"line":137,"column":6},"end":{"line":137,"column":84}},"39":{"start":{"line":140,"column":34},"end":{"line":152,"column":7}},"40":{"start":{"line":154,"column":6},"end":{"line":154,"column":101}},"41":{"start":{"line":157,"column":25},"end":{"line":157,"column":75}},"42":{"start":{"line":158,"column":6},"end":{"line":159,"column":73}},"43":{"start":{"line":161,"column":6},"end":{"line":161,"column":29}},"44":{"start":{"line":162,"column":6},"end":{"line":162,"column":31}},"45":{"start":{"line":165,"column":6},"end":{"line":167,"column":15}},"46":{"start":{"line":166,"column":8},"end":{"line":166,"column":40}},"47":{"start":{"line":169,"column":6},"end":{"line":169,"column":54}},"48":{"start":{"line":170,"column":6},"end":{"line":170,"column":29}},"49":{"start":{"line":171,"column":6},"end":{"line":171,"column":59}},"50":{"start":{"line":175,"column":2},"end":{"line":318,"column":4}},"51":{"start":{"line":309,"column":29},"end":{"line":309,"column":60}},"52":{"start":{"line":321,"column":15},"end":{"line":549,"column":2}}},"fnMap":{"0":{"name":"Choice1Screen4","decl":{"start":{"line":18,"column":24},"end":{"line":18,"column":38}},"loc":{"start":{"line":18,"column":41},"end":{"line":319,"column":1}},"line":18},"1":{"name":"(anonymous_1)","decl":{"start":{"line":37,"column":32},"end":{"line":37,"column":33}},"loc":{"start":{"line":37,"column":42},"end":{"line":49,"column":3}},"line":37},"2":{"name":"(anonymous_2)","decl":{"start":{"line":69,"column":28},"end":{"line":69,"column":29}},"loc":{"start":{"line":69,"column":48},"end":{"line":97,"column":3}},"line":69},"3":{"name":"(anonymous_3)","decl":{"start":{"line":103,"column":25},"end":{"line":103,"column":26}},"loc":{"start":{"line":103,"column":37},"end":{"line":173,"column":3}},"line":103},"4":{"name":"(anonymous_4)","decl":{"start":{"line":165,"column":17},"end":{"line":165,"column":18}},"loc":{"start":{"line":165,"column":23},"end":{"line":167,"column":7}},"line":165},"5":{"name":"(anonymous_5)","decl":{"start":{"line":309,"column":23},"end":{"line":309,"column":24}},"loc":{"start":{"line":309,"column":29},"end":{"line":309,"column":60}},"line":309}},"branchMap":{"0":{"loc":{"start":{"line":38,"column":4},"end":{"line":47,"column":5}},"type":"if","locations":[{"start":{"line":38,"column":4},"end":{"line":47,"column":5}},{"start":{},"end":{}}],"line":38},"1":{"loc":{"start":{"line":38,"column":8},"end":{"line":38,"column":54}},"type":"binary-expr","locations":[{"start":{"line":38,"column":8},"end":{"line":38,"column":28}},{"start":{"line":38,"column":32},"end":{"line":38,"column":54}}],"line":38},"2":{"loc":{"start":{"line":62,"column":12},"end":{"line":62,"column":74}},"type":"binary-expr","locations":[{"start":{"line":62,"column":12},"end":{"line":62,"column":38}},{"start":{"line":62,"column":42},"end":{"line":62,"column":74}}],"line":62},"3":{"loc":{"start":{"line":63,"column":17},"end":{"line":63,"column":89}},"type":"binary-expr","locations":[{"start":{"line":63,"column":17},"end":{"line":63,"column":48}},{"start":{"line":63,"column":52},"end":{"line":63,"column":89}}],"line":63},"4":{"loc":{"start":{"line":64,"column":36},"end":{"line":64,"column":100}},"type":"binary-expr","locations":[{"start":{"line":64,"column":36},"end":{"line":64,"column":63}},{"start":{"line":64,"column":67},"end":{"line":64,"column":100}}],"line":64},"5":{"loc":{"start":{"line":65,"column":22},"end":{"line":65,"column":90}},"type":"binary-expr","locations":[{"start":{"line":65,"column":22},"end":{"line":65,"column":51}},{"start":{"line":65,"column":55},"end":{"line":65,"column":90}}],"line":65},"6":{"loc":{"start":{"line":66,"column":21},"end":{"line":66,"column":87}},"type":"binary-expr","locations":[{"start":{"line":66,"column":21},"end":{"line":66,"column":49}},{"start":{"line":66,"column":53},"end":{"line":66,"column":87}}],"line":66},"7":{"loc":{"start":{"line":82,"column":4},"end":{"line":86,"column":5}},"type":"if","locations":[{"start":{"line":82,"column":4},"end":{"line":86,"column":5}},{"start":{},"end":{}}],"line":82},"8":{"loc":{"start":{"line":89,"column":40},"end":{"line":89,"column":59}},"type":"cond-expr","locations":[{"start":{"line":89,"column":54},"end":{"line":89,"column":55}},{"start":{"line":89,"column":58},"end":{"line":89,"column":59}}],"line":89},"9":{"loc":{"start":{"line":104,"column":4},"end":{"line":107,"column":5}},"type":"if","locations":[{"start":{"line":104,"column":4},"end":{"line":107,"column":5}},{"start":{},"end":{}}],"line":104},"10":{"loc":{"start":{"line":114,"column":6},"end":{"line":116,"column":7}},"type":"if","locations":[{"start":{"line":114,"column":6},"end":{"line":116,"column":7}},{"start":{},"end":{}}],"line":114},"11":{"loc":{"start":{"line":131,"column":6},"end":{"line":136,"column":7}},"type":"if","locations":[{"start":{"line":131,"column":6},"end":{"line":136,"column":7}},{"start":{"line":133,"column":13},"end":{"line":136,"column":7}}],"line":131},"12":{"loc":{"start":{"line":131,"column":10},"end":{"line":131,"column":101}},"type":"binary-expr","locations":[{"start":{"line":131,"column":10},"end":{"line":131,"column":53}},{"start":{"line":131,"column":57},"end":{"line":131,"column":101}}],"line":131},"13":{"loc":{"start":{"line":142,"column":26},"end":{"line":142,"column":87}},"type":"binary-expr","locations":[{"start":{"line":142,"column":26},"end":{"line":142,"column":55}},{"start":{"line":142,"column":59},"end":{"line":142,"column":87}}],"line":142},"14":{"loc":{"start":{"line":143,"column":23},"end":{"line":143,"column":78}},"type":"binary-expr","locations":[{"start":{"line":143,"column":23},"end":{"line":143,"column":49}},{"start":{"line":143,"column":53},"end":{"line":143,"column":78}}],"line":143},"15":{"loc":{"start":{"line":144,"column":28},"end":{"line":144,"column":93}},"type":"binary-expr","locations":[{"start":{"line":144,"column":28},"end":{"line":144,"column":59}},{"start":{"line":144,"column":63},"end":{"line":144,"column":93}}],"line":144},"16":{"loc":{"start":{"line":146,"column":25},"end":{"line":146,"column":84}},"type":"binary-expr","locations":[{"start":{"line":146,"column":25},"end":{"line":146,"column":53}},{"start":{"line":146,"column":57},"end":{"line":146,"column":84}}],"line":146},"17":{"loc":{"start":{"line":147,"column":21},"end":{"line":147,"column":72}},"type":"binary-expr","locations":[{"start":{"line":147,"column":21},"end":{"line":147,"column":45}},{"start":{"line":147,"column":49},"end":{"line":147,"column":72}}],"line":147},"18":{"loc":{"start":{"line":148,"column":24},"end":{"line":148,"column":81}},"type":"binary-expr","locations":[{"start":{"line":148,"column":24},"end":{"line":148,"column":51}},{"start":{"line":148,"column":55},"end":{"line":148,"column":81}}],"line":148},"19":{"loc":{"start":{"line":150,"column":17},"end":{"line":150,"column":33}},"type":"binary-expr","locations":[{"start":{"line":150,"column":17},"end":{"line":150,"column":26}},{"start":{"line":150,"column":30},"end":{"line":150,"column":33}}],"line":150},"20":{"loc":{"start":{"line":151,"column":33},"end":{"line":151,"column":49}},"type":"binary-expr","locations":[{"start":{"line":151,"column":33},"end":{"line":151,"column":42}},{"start":{"line":151,"column":46},"end":{"line":151,"column":49}}],"line":151},"21":{"loc":{"start":{"line":159,"column":8},"end":{"line":159,"column":71}},"type":"cond-expr","locations":[{"start":{"line":159,"column":21},"end":{"line":159,"column":47}},{"start":{"line":159,"column":50},"end":{"line":159,"column":71}}],"line":159},"22":{"loc":{"start":{"line":261,"column":48},"end":{"line":261,"column":93}},"type":"cond-expr","locations":[{"start":{"line":261,"column":81},"end":{"line":261,"column":86}},{"start":{"line":261,"column":89},"end":{"line":261,"column":93}}],"line":261},"23":{"loc":{"start":{"line":288,"column":9},"end":{"line":315,"column":9}},"type":"cond-expr","locations":[{"start":{"line":289,"column":10},"end":{"line":292,"column":17}},{"start":{"line":294,"column":10},"end":{"line":314,"column":13}}],"line":288},"24":{"loc":{"start":{"line":300,"column":15},"end":{"line":304,"column":15}},"type":"cond-expr","locations":[{"start":{"line":301,"column":16},"end":{"line":301,"column":64}},{"start":{"line":303,"column":16},"end":{"line":303,"column":96}}],"line":300}},"s":{"0":0,"1":0,"2":0,"3":0,"4":0,"5":0,"6":0,"7":0,"8":0,"9":0,"10":0,"11":0,"12":0,"13":0,"14":0,"15":0,"16":0,"17":0,"18":0,"19":0,"20":0,"21":0,"22":0,"23":0,"24":0,"25":0,"26":0,"27":0,"28":0,"29":0,"30":0,"31":0,"32":0,"33":0,"34":0,"35":0,"36":0,"37":0,"38":0,"39":0,"40":0,"41":0,"42":0,"43":0,"44":0,"45":0,"46":0,"47":0,"48":0,"49":0,"50":0,"51":0,"52":0},"f":{"0":0,"1":0,"2":0,"3":0,"4":0,"5":0},"b":{"0":[0,0],"1":[0,0],"2":[0,0],"3":[0,0],"4":[0,0],"5":[0,0],"6":[0,0],"7":[0,0],"8":[0,0],"9":[0,0],"10":[0,0],"11":[0,0],"12":[0,0],"13":[0,0],"14":[0,0],"15":[0,0],"16":[0,0],"17":[0,0],"18":[0,0],"19":[0,0],"20":[0,0],"21":[0,0],"22":[0,0],"23":[0,0],"24":[0,0]}}
,"/Users/eugene/dev/react/expo/NavigationExample/app/choice1/screen5.tsx": {"path":"/Users/eugene/dev/react/expo/NavigationExample/app/choice1/screen5.tsx","statementMap":{"0":{"start":{"line":18,"column":26},"end":{"line":18,"column":38}},"1":{"start":{"line":21,"column":22},"end":{"line":21,"column":38}},"2":{"start":{"line":22,"column":22},"end":{"line":22,"column":31}},"3":{"start":{"line":25,"column":2},"end":{"line":42,"column":3}},"4":{"start":{"line":26,"column":4},"end":{"line":39,"column":5}},"5":{"start":{"line":27,"column":6},"end":{"line":31,"column":9}},"6":{"start":{"line":32,"column":6},"end":{"line":35,"column":9}},"7":{"start":{"line":36,"column":6},"end":{"line":36,"column":80}},"8":{"start":{"line":38,"column":6},"end":{"line":38,"column":53}},"9":{"start":{"line":41,"column":4},"end":{"line":41,"column":65}},"10":{"start":{"line":45,"column":25},"end":{"line":45,"column":57}},"11":{"start":{"line":48,"column":23},"end":{"line":63,"column":3}},"12":{"start":{"line":65,"column":21},"end":{"line":68,"column":3}},"13":{"start":{"line":67,"column":4},"end":{"line":67,"column":56}},"14":{"start":{"line":70,"column":24},"end":{"line":73,"column":3}},"15":{"start":{"line":72,"column":4},"end":{"line":72,"column":47}},"16":{"start":{"line":75,"column":23},"end":{"line":78,"column":3}},"17":{"start":{"line":77,"column":4},"end":{"line":77,"column":37}},"18":{"start":{"line":81,"column":2},"end":{"line":87,"column":9}},"19":{"start":{"line":82,"column":18},"end":{"line":84,"column":12}},"20":{"start":{"line":83,"column":6},"end":{"line":83,"column":49}},"21":{"start":{"line":86,"column":4},"end":{"line":86,"column":37}},"22":{"start":{"line":86,"column":17},"end":{"line":86,"column":36}},"23":{"start":{"line":89,"column":2},"end":{"line":218,"column":4}},"24":{"start":{"line":212,"column":25},"end":{"line":212,"column":67}},"25":{"start":{"line":221,"column":15},"end":{"line":482,"column":2}}},"fnMap":{"0":{"name":"Choice1Screen5","decl":{"start":{"line":16,"column":24},"end":{"line":16,"column":38}},"loc":{"start":{"line":16,"column":41},"end":{"line":219,"column":1}},"line":16},"1":{"name":"(anonymous_1)","decl":{"start":{"line":65,"column":21},"end":{"line":65,"column":22}},"loc":{"start":{"line":65,"column":27},"end":{"line":68,"column":3}},"line":65},"2":{"name":"(anonymous_2)","decl":{"start":{"line":70,"column":24},"end":{"line":70,"column":25}},"loc":{"start":{"line":70,"column":30},"end":{"line":73,"column":3}},"line":70},"3":{"name":"(anonymous_3)","decl":{"start":{"line":75,"column":23},"end":{"line":75,"column":24}},"loc":{"start":{"line":75,"column":29},"end":{"line":78,"column":3}},"line":75},"4":{"name":"(anonymous_4)","decl":{"start":{"line":81,"column":18},"end":{"line":81,"column":19}},"loc":{"start":{"line":81,"column":24},"end":{"line":87,"column":3}},"line":81},"5":{"name":"(anonymous_5)","decl":{"start":{"line":82,"column":29},"end":{"line":82,"column":30}},"loc":{"start":{"line":82,"column":35},"end":{"line":84,"column":5}},"line":82},"6":{"name":"(anonymous_6)","decl":{"start":{"line":86,"column":11},"end":{"line":86,"column":12}},"loc":{"start":{"line":86,"column":17},"end":{"line":86,"column":36}},"line":86},"7":{"name":"(anonymous_7)","decl":{"start":{"line":212,"column":19},"end":{"line":212,"column":20}},"loc":{"start":{"line":212,"column":25},"end":{"line":212,"column":67}},"line":212}},"branchMap":{"0":{"loc":{"start":{"line":25,"column":2},"end":{"line":42,"column":3}},"type":"if","locations":[{"start":{"line":25,"column":2},"end":{"line":42,"column":3}},{"start":{"line":40,"column":9},"end":{"line":42,"column":3}}],"line":25},"1":{"loc":{"start":{"line":25,"column":6},"end":{"line":25,"column":97}},"type":"binary-expr","locations":[{"start":{"line":25,"column":6},"end":{"line":25,"column":49}},{"start":{"line":25,"column":53},"end":{"line":25,"column":97}}],"line":25},"2":{"loc":{"start":{"line":58,"column":15},"end":{"line":58,"column":59}},"type":"binary-expr","locations":[{"start":{"line":58,"column":15},"end":{"line":58,"column":41}},{"start":{"line":58,"column":45},"end":{"line":58,"column":59}}],"line":58}},"s":{"0":0,"1":0,"2":0,"3":0,"4":0,"5":0,"6":0,"7":0,"8":0,"9":0,"10":0,"11":0,"12":0,"13":0,"14":0,"15":0,"16":0,"17":0,"18":0,"19":0,"20":0,"21":0,"22":0,"23":0,"24":0,"25":0},"f":{"0":0,"1":0,"2":0,"3":0,"4":0,"5":0,"6":0,"7":0},"b":{"0":[0,0],"1":[0,0],"2":[0,0]}}
,"/Users/eugene/dev/react/expo/NavigationExample/app/choice1/tracking.tsx": {"path":"/Users/eugene/dev/react/expo/NavigationExample/app/choice1/tracking.tsx","statementMap":{"0":{"start":{"line":16,"column":23},"end":{"line":28,"column":1}},"1":{"start":{"line":17,"column":2},"end":{"line":27,"column":4}},"2":{"start":{"line":31,"column":44},"end":{"line":31,"column":71}},"3":{"start":{"line":32,"column":50},"end":{"line":32,"column":72}},"4":{"start":{"line":33,"column":40},"end":{"line":33,"column":51}},"5":{"start":{"line":34,"column":44},"end":{"line":42,"column":4}},"6":{"start":{"line":45,"column":18},"end":{"line":49,"column":3}},"7":{"start":{"line":51,"column":17},"end":{"line":57,"column":3}},"8":{"start":{"line":60,"column":2},"end":{"line":81,"column":20}},"9":{"start":{"line":61,"column":18},"end":{"line":78,"column":12}},"10":{"start":{"line":62,"column":6},"end":{"line":62,"column":39}},"11":{"start":{"line":62,"column":29},"end":{"line":62,"column":37}},"12":{"start":{"line":65,"column":6},"end":{"line":77,"column":7}},"13":{"start":{"line":66,"column":8},"end":{"line":66,"column":47}},"14":{"start":{"line":67,"column":8},"end":{"line":67,"column":40}},"15":{"start":{"line":70,"column":8},"end":{"line":76,"column":10}},"16":{"start":{"line":71,"column":10},"end":{"line":75,"column":11}},"17":{"start":{"line":72,"column":12},"end":{"line":74,"column":20}},"18":{"start":{"line":80,"column":4},"end":{"line":80,"column":38}},"19":{"start":{"line":80,"column":17},"end":{"line":80,"column":37}},"20":{"start":{"line":83,"column":21},"end":{"line":85,"column":3}},"21":{"start":{"line":84,"column":4},"end":{"line":84,"column":43}},"22":{"start":{"line":87,"column":24},"end":{"line":89,"column":3}},"23":{"start":{"line":88,"column":4},"end":{"line":88,"column":47}},"24":{"start":{"line":91,"column":25},"end":{"line":93,"column":3}},"25":{"start":{"line":92,"column":4},"end":{"line":92,"column":47}},"26":{"start":{"line":95,"column":2},"end":{"line":223,"column":4}},"27":{"start":{"line":182,"column":12},"end":{"line":210,"column":19}},"28":{"start":{"line":218,"column":23},"end":{"line":218,"column":54}},"29":{"start":{"line":226,"column":18},"end":{"line":226,"column":42}},"30":{"start":{"line":228,"column":15},"end":{"line":524,"column":2}}},"fnMap":{"0":{"name":"(anonymous_0)","decl":{"start":{"line":16,"column":23},"end":{"line":16,"column":24}},"loc":{"start":{"line":16,"column":29},"end":{"line":28,"column":1}},"line":16},"1":{"name":"TrackingScreen","decl":{"start":{"line":30,"column":24},"end":{"line":30,"column":38}},"loc":{"start":{"line":30,"column":41},"end":{"line":224,"column":1}},"line":30},"2":{"name":"(anonymous_2)","decl":{"start":{"line":60,"column":12},"end":{"line":60,"column":13}},"loc":{"start":{"line":60,"column":18},"end":{"line":81,"column":3}},"line":60},"3":{"name":"(anonymous_3)","decl":{"start":{"line":61,"column":30},"end":{"line":61,"column":31}},"loc":{"start":{"line":61,"column":36},"end":{"line":78,"column":5}},"line":61},"4":{"name":"(anonymous_4)","decl":{"start":{"line":62,"column":21},"end":{"line":62,"column":22}},"loc":{"start":{"line":62,"column":29},"end":{"line":62,"column":37}},"line":62},"5":{"name":"(anonymous_5)","decl":{"start":{"line":70,"column":25},"end":{"line":70,"column":26}},"loc":{"start":{"line":71,"column":10},"end":{"line":75,"column":11}},"line":71},"6":{"name":"(anonymous_6)","decl":{"start":{"line":71,"column":19},"end":{"line":71,"column":20}},"loc":{"start":{"line":72,"column":12},"end":{"line":74,"column":20}},"line":72},"7":{"name":"(anonymous_7)","decl":{"start":{"line":80,"column":11},"end":{"line":80,"column":12}},"loc":{"start":{"line":80,"column":17},"end":{"line":80,"column":37}},"line":80},"8":{"name":"(anonymous_8)","decl":{"start":{"line":83,"column":21},"end":{"line":83,"column":22}},"loc":{"start":{"line":83,"column":27},"end":{"line":85,"column":3}},"line":83},"9":{"name":"(anonymous_9)","decl":{"start":{"line":87,"column":24},"end":{"line":87,"column":25}},"loc":{"start":{"line":87,"column":30},"end":{"line":89,"column":3}},"line":87},"10":{"name":"(anonymous_10)","decl":{"start":{"line":91,"column":25},"end":{"line":91,"column":26}},"loc":{"start":{"line":91,"column":31},"end":{"line":93,"column":3}},"line":91},"11":{"name":"(anonymous_11)","decl":{"start":{"line":181,"column":29},"end":{"line":181,"column":30}},"loc":{"start":{"line":182,"column":12},"end":{"line":210,"column":19}},"line":182},"12":{"name":"(anonymous_12)","decl":{"start":{"line":218,"column":17},"end":{"line":218,"column":18}},"loc":{"start":{"line":218,"column":23},"end":{"line":218,"column":54}},"line":218}},"branchMap":{"0":{"loc":{"start":{"line":65,"column":6},"end":{"line":77,"column":7}},"type":"if","locations":[{"start":{"line":65,"column":6},"end":{"line":77,"column":7}},{"start":{},"end":{}}],"line":65},"1":{"loc":{"start":{"line":72,"column":12},"end":{"line":74,"column":20}},"type":"cond-expr","locations":[{"start":{"line":73,"column":16},"end":{"line":73,"column":44}},{"start":{"line":74,"column":16},"end":{"line":74,"column":20}}],"line":72},"2":{"loc":{"start":{"line":186,"column":18},"end":{"line":186,"column":74}},"type":"cond-expr","locations":[{"start":{"line":186,"column":35},"end":{"line":186,"column":54}},{"start":{"line":186,"column":57},"end":{"line":186,"column":74}}],"line":186},"3":{"loc":{"start":{"line":187,"column":18},"end":{"line":187,"column":68}},"type":"binary-expr","locations":[{"start":{"line":187,"column":18},"end":{"line":187,"column":47}},{"start":{"line":187,"column":51},"end":{"line":187,"column":68}}],"line":187},"4":{"loc":{"start":{"line":189,"column":19},"end":{"line":191,"column":19}},"type":"binary-expr","locations":[{"start":{"line":189,"column":19},"end":{"line":189,"column":33}},{"start":{"line":190,"column":20},"end":{"line":190,"column":73}}],"line":189},"5":{"loc":{"start":{"line":193,"column":17},"end":{"line":198,"column":17}},"type":"binary-expr","locations":[{"start":{"line":193,"column":17},"end":{"line":193,"column":49}},{"start":{"line":194,"column":18},"end":{"line":197,"column":23}}],"line":193},"6":{"loc":{"start":{"line":196,"column":20},"end":{"line":196,"column":88}},"type":"cond-expr","locations":[{"start":{"line":196,"column":37},"end":{"line":196,"column":62}},{"start":{"line":196,"column":65},"end":{"line":196,"column":88}}],"line":196},"7":{"loc":{"start":{"line":204,"column":18},"end":{"line":204,"column":71}},"type":"binary-expr","locations":[{"start":{"line":204,"column":18},"end":{"line":204,"column":47}},{"start":{"line":204,"column":51},"end":{"line":204,"column":71}}],"line":204}},"s":{"0":0,"1":0,"2":0,"3":0,"4":0,"5":0,"6":0,"7":0,"8":0,"9":0,"10":0,"11":0,"12":0,"13":0,"14":0,"15":0,"16":0,"17":0,"18":0,"19":0,"20":0,"21":0,"22":0,"23":0,"24":0,"25":0,"26":0,"27":0,"28":0,"29":0,"30":0},"f":{"0":0,"1":0,"2":0,"3":0,"4":0,"5":0,"6":0,"7":0,"8":0,"9":0,"10":0,"11":0,"12":0},"b":{"0":[0,0],"1":[0,0],"2":[0,0],"3":[0,0],"4":[0,0],"5":[0,0],"6":[0,0],"7":[0,0]}}
,"/Users/eugene/dev/react/expo/NavigationExample/app/choice2/screen1.tsx": {"path":"/Users/eugene/dev/react/expo/NavigationExample/app/choice2/screen1.tsx","statementMap":{"0":{"start":{"line":8,"column":2},"end":{"line":29,"column":4}},"1":{"start":{"line":17,"column":23},"end":{"line":17,"column":54}},"2":{"start":{"line":24,"column":23},"end":{"line":24,"column":45}},"3":{"start":{"line":32,"column":15},"end":{"line":76,"column":2}}},"fnMap":{"0":{"name":"Choice2Screen1","decl":{"start":{"line":7,"column":24},"end":{"line":7,"column":38}},"loc":{"start":{"line":7,"column":41},"end":{"line":30,"column":1}},"line":7},"1":{"name":"(anonymous_1)","decl":{"start":{"line":17,"column":17},"end":{"line":17,"column":18}},"loc":{"start":{"line":17,"column":23},"end":{"line":17,"column":54}},"line":17},"2":{"name":"(anonymous_2)","decl":{"start":{"line":24,"column":17},"end":{"line":24,"column":18}},"loc":{"start":{"line":24,"column":23},"end":{"line":24,"column":45}},"line":24}},"branchMap":{},"s":{"0":0,"1":0,"2":0,"3":0},"f":{"0":0,"1":0,"2":0},"b":{}}
,"/Users/eugene/dev/react/expo/NavigationExample/app/choice2/screen2.tsx": {"path":"/Users/eugene/dev/react/expo/NavigationExample/app/choice2/screen2.tsx","statementMap":{"0":{"start":{"line":8,"column":2},"end":{"line":29,"column":4}},"1":{"start":{"line":17,"column":23},"end":{"line":17,"column":39}},"2":{"start":{"line":24,"column":23},"end":{"line":24,"column":54}},"3":{"start":{"line":32,"column":15},"end":{"line":76,"column":2}}},"fnMap":{"0":{"name":"Choice2Screen2","decl":{"start":{"line":7,"column":24},"end":{"line":7,"column":38}},"loc":{"start":{"line":7,"column":41},"end":{"line":30,"column":1}},"line":7},"1":{"name":"(anonymous_1)","decl":{"start":{"line":17,"column":17},"end":{"line":17,"column":18}},"loc":{"start":{"line":17,"column":23},"end":{"line":17,"column":39}},"line":17},"2":{"name":"(anonymous_2)","decl":{"start":{"line":24,"column":17},"end":{"line":24,"column":18}},"loc":{"start":{"line":24,"column":23},"end":{"line":24,"column":54}},"line":24}},"branchMap":{},"s":{"0":0,"1":0,"2":0,"3":0},"f":{"0":0,"1":0,"2":0},"b":{}}
,"/Users/eugene/dev/react/expo/NavigationExample/app/onboarding/_layout.tsx": {"path":"/Users/eugene/dev/react/expo/NavigationExample/app/onboarding/_layout.tsx","statementMap":{"0":{"start":{"line":7,"column":40},"end":{"line":7,"column":49}},"1":{"start":{"line":10,"column":2},"end":{"line":28,"column":34}},"2":{"start":{"line":11,"column":4},"end":{"line":16,"column":7}},"3":{"start":{"line":20,"column":4},"end":{"line":27,"column":5}},"4":{"start":{"line":21,"column":6},"end":{"line":21,"column":80}},"5":{"start":{"line":22,"column":6},"end":{"line":26,"column":7}},"6":{"start":{"line":23,"column":8},"end":{"line":23,"column":43}},"7":{"start":{"line":25,"column":8},"end":{"line":25,"column":34}},"8":{"start":{"line":32,"column":2},"end":{"line":40,"column":4}}},"fnMap":{"0":{"name":"OnboardingLayout","decl":{"start":{"line":6,"column":24},"end":{"line":6,"column":40}},"loc":{"start":{"line":6,"column":43},"end":{"line":41,"column":1}},"line":6},"1":{"name":"(anonymous_1)","decl":{"start":{"line":10,"column":12},"end":{"line":10,"column":13}},"loc":{"start":{"line":10,"column":18},"end":{"line":28,"column":3}},"line":10}},"branchMap":{"0":{"loc":{"start":{"line":20,"column":4},"end":{"line":27,"column":5}},"type":"if","locations":[{"start":{"line":20,"column":4},"end":{"line":27,"column":5}},{"start":{},"end":{}}],"line":20},"1":{"loc":{"start":{"line":20,"column":8},"end":{"line":20,"column":49}},"type":"binary-expr","locations":[{"start":{"line":20,"column":8},"end":{"line":20,"column":18}},{"start":{"line":20,"column":22},"end":{"line":20,"column":26}},{"start":{"line":20,"column":30},"end":{"line":20,"column":49}}],"line":20},"2":{"loc":{"start":{"line":22,"column":6},"end":{"line":26,"column":7}},"type":"if","locations":[{"start":{"line":22,"column":6},"end":{"line":26,"column":7}},{"start":{"line":24,"column":13},"end":{"line":26,"column":7}}],"line":22}},"s":{"0":0,"1":0,"2":0,"3":0,"4":0,"5":0,"6":0,"7":0,"8":0},"f":{"0":0,"1":0},"b":{"0":[0,0],"1":[0,0,0],"2":[0,0]}}
,"/Users/eugene/dev/react/expo/NavigationExample/app/onboarding/index.tsx": {"path":"/Users/eugene/dev/react/expo/NavigationExample/app/onboarding/index.tsx","statementMap":{"0":{"start":{"line":15,"column":23},"end":{"line":17,"column":3}},"1":{"start":{"line":16,"column":4},"end":{"line":16,"column":38}},"2":{"start":{"line":19,"column":28},"end":{"line":22,"column":3}},"3":{"start":{"line":21,"column":4},"end":{"line":21,"column":40}},"4":{"start":{"line":24,"column":22},"end":{"line":26,"column":3}},"5":{"start":{"line":25,"column":4},"end":{"line":25,"column":37}},"6":{"start":{"line":28,"column":2},"end":{"line":78,"column":4}},"7":{"start":{"line":81,"column":26},"end":{"line":81,"column":50}},"8":{"start":{"line":83,"column":15},"end":{"line":196,"column":2}}},"fnMap":{"0":{"name":"OnboardingScreen","decl":{"start":{"line":14,"column":24},"end":{"line":14,"column":40}},"loc":{"start":{"line":14,"column":43},"end":{"line":79,"column":1}},"line":14},"1":{"name":"(anonymous_1)","decl":{"start":{"line":15,"column":23},"end":{"line":15,"column":24}},"loc":{"start":{"line":15,"column":29},"end":{"line":17,"column":3}},"line":15},"2":{"name":"(anonymous_2)","decl":{"start":{"line":19,"column":28},"end":{"line":19,"column":29}},"loc":{"start":{"line":19,"column":34},"end":{"line":22,"column":3}},"line":19},"3":{"name":"(anonymous_3)","decl":{"start":{"line":24,"column":22},"end":{"line":24,"column":23}},"loc":{"start":{"line":24,"column":28},"end":{"line":26,"column":3}},"line":24}},"branchMap":{"0":{"loc":{"start":{"line":102,"column":19},"end":{"line":102,"column":50}},"type":"cond-expr","locations":[{"start":{"line":102,"column":43},"end":{"line":102,"column":45}},{"start":{"line":102,"column":48},"end":{"line":102,"column":50}}],"line":102}},"s":{"0":0,"1":0,"2":0,"3":0,"4":0,"5":0,"6":0,"7":0,"8":0},"f":{"0":0,"1":0,"2":0,"3":0},"b":{"0":[0,0]}}
,"/Users/eugene/dev/react/expo/NavigationExample/app/onboarding/login.tsx": {"path":"/Users/eugene/dev/react/expo/NavigationExample/app/onboarding/login.tsx","statementMap":{"0":{"start":{"line":22,"column":28},"end":{"line":22,"column":40}},"1":{"start":{"line":23,"column":34},"end":{"line":23,"column":46}},"2":{"start":{"line":24,"column":42},"end":{"line":24,"column":57}},"3":{"start":{"line":25,"column":36},"end":{"line":25,"column":51}},"4":{"start":{"line":26,"column":42},"end":{"line":26,"column":54}},"5":{"start":{"line":27,"column":30},"end":{"line":27,"column":39}},"6":{"start":{"line":29,"column":22},"end":{"line":51,"column":3}},"7":{"start":{"line":30,"column":4},"end":{"line":33,"column":5}},"8":{"start":{"line":31,"column":6},"end":{"line":31,"column":62}},"9":{"start":{"line":32,"column":6},"end":{"line":32,"column":13}},"10":{"start":{"line":35,"column":4},"end":{"line":35,"column":23}},"11":{"start":{"line":36,"column":4},"end":{"line":36,"column":24}},"12":{"start":{"line":38,"column":4},"end":{"line":50,"column":5}},"13":{"start":{"line":39,"column":19},"end":{"line":39,"column":60}},"14":{"start":{"line":40,"column":6},"end":{"line":40,"column":45}},"15":{"start":{"line":41,"column":6},"end":{"line":41,"column":30}},"16":{"start":{"line":44,"column":6},"end":{"line":44,"column":32}},"17":{"start":{"line":46,"column":6},"end":{"line":46,"column":37}},"18":{"start":{"line":47,"column":6},"end":{"line":47,"column":51}},"19":{"start":{"line":49,"column":6},"end":{"line":49,"column":26}},"20":{"start":{"line":53,"column":28},"end":{"line":56,"column":3}},"21":{"start":{"line":55,"column":4},"end":{"line":55,"column":79}},"22":{"start":{"line":58,"column":23},"end":{"line":60,"column":3}},"23":{"start":{"line":59,"column":4},"end":{"line":59,"column":38}},"24":{"start":{"line":62,"column":29},"end":{"line":64,"column":3}},"25":{"start":{"line":63,"column":4},"end":{"line":63,"column":35}},"26":{"start":{"line":66,"column":2},"end":{"line":164,"column":4}},"27":{"start":{"line":167,"column":26},"end":{"line":167,"column":50}},"28":{"
[...]
"end":{"line":61,"column":11}},"10":{"start":{"line":63,"column":4},"end":{"line":63,"column":66}},"11":{"start":{"line":64,"column":4},"end":{"line":64,"column":16}},"12":{"start":{"line":73,"column":46},"end":{"line":84,"column":1}},"13":{"start":{"line":77,"column":2},"end":{"line":77,"column":33}},"14":{"start":{"line":77,"column":20},"end":{"line":77,"column":33}},"15":{"start":{"line":80,"column":2},"end":{"line":83,"column":4}},"16":{"start":{"line":90,"column":40},"end":{"line":102,"column":1}},"17":{"start":{"line":91,"column":2},"end":{"line":101,"column":4}}},"fnMap":{"0":{"name":"(anonymous_0)","decl":{"start":{"line":31,"column":42},"end":{"line":31,"column":43}},"loc":{"start":{"line":34,"column":20},"end":{"line":66,"column":1}},"line":34},"1":{"name":"(anonymous_1)","decl":{"start":{"line":73,"column":46},"end":{"line":73,"column":47}},"loc":{"start":{"line":75,"column":23},"end":{"line":84,"column":1}},"line":75},"2":{"name":"(anonymous_2)","decl":{"start":{"line":90,"column":40},"end":{"line":90,"column":41}},"loc":{"start":{"line":90,"column":64},"end":{"line":102,"column":1}},"line":90}},"branchMap":{"0":{"loc":{"start":{"line":47,"column":4},"end":{"line":49,"column":5}},"type":"if","locations":[{"start":{"line":47,"column":4},"end":{"line":49,"column":5}},{"start":{},"end":{}}],"line":47},"1":{"loc":{"start":{"line":51,"column":4},"end":{"line":53,"column":5}},"type":"if","locations":[{"start":{"line":51,"column":4},"end":{"line":53,"column":5}},{"start":{},"end":{}}],"line":51},"2":{"loc":{"start":{"line":77,"column":2},"end":{"line":77,"column":33}},"type":"if","locations":[{"start":{"line":77,"column":2},"end":{"line":77,"column":33}},{"start":{},"end":{}}],"line":77},"3":{"loc":{"start":{"line":81,"column":4},"end":{"line":82,"column":47}},"type":"binary-expr","locations":[{"start":{"line":81,"column":4},"end":{"line":81,"column":31}},{"start":{"line":82,"column":4},"end":{"line":82,"column":47}}],"line":81}},"s":{"0":0,"1":0,"2":0,"3":0,"4":0,"5":0,"6":0,"7":0,"8":0,"9":0,"10":0,"11":0,"12":0,"13":0,"14":0,"15":0,"16":0,"17":0},"f":{"0":0,"1":0,"2":0},"b":{"0":[0,0],"1":[0,0],"2":[0,0],"3":[0,0]}}
,"/Users/eugene/dev/react/expo/NavigationExample/services/owner-onboarding-service.ts": {"path":"/Users/eugene/dev/react/expo/NavigationExample/services/owner-onboarding-service.ts","statementMap":{"0":{"start":{"line":21,"column":39},"end":{"line":69,"column":1}},"1":{"start":{"line":25,"column":2},"end":{"line":68,"column":3}},"2":{"start":{"line":27,"column":73},"end":{"line":40,"column":5}},"3":{"start":{"line":43,"column":20},"end":{"line":43,"column":52}},"4":{"start":{"line":46,"column":26},"end":{"line":48,"column":5}},"5":{"start":{"line":47,"column":6},"end":{"line":47,"column":66}},"6":{"start":{"line":51,"column":4},"end":{"line":51,"column":37}},"7":{"start":{"line":54,"column":50},"end":{"line":59,"column":5}},"8":{"start":{"line":61,"column":4},"end":{"line":61,"column":52}},"9":{"start":{"line":62,"column":4},"end":{"line":62,"column":41}},"10":{"start":{"line":64,"column":4},"end":{"line":64,"column":22}},"11":{"start":{"line":66,"column":4},"end":{"line":66,"column":63}},"12":{"start":{"line":67,"column":4},"end":{"line":67,"column":16}},"13":{"start":{"line":74,"column":42},"end":{"line":94,"column":1}},"14":{"start":{"line":75,"column":24},"end":{"line":75,"column":59}},"15":{"start":{"line":76,"column":28},"end":{"line":76,"column":106}},"16":{"start":{"line":79,"column":29},"end":{"line":79,"column":88}},"17":{"start":{"line":80,"column":25},"end":{"line":80,"column":47}},"18":{"start":{"line":83,"column":30},"end":{"line":83,"column":31}},"19":{"start":{"line":84,"column":30},"end":{"line":84,"column":31}},"20":{"start":{"line":86,"column":23},"end":{"line":86,"column":80}},"21":{"start":{"line":87,"column":29},"end":{"line":87,"column":120}},"22":{"start":{"line":88,"column":25},"end":{"line":88,"column":77}},"23":{"start":{"line":90,"column":2},"end":{"line":93,"column":4}}},"fnMap":{"0":{"name":"(anonymous_0)","decl":{"start":{"line":21,"column":39},"end":{"line":21,"column":40}},"loc":{"start":{"line":24,"column":22},"end":{"line":69,"column":1}},"line":24},"1":{"name":"(anonymous_1)","decl":{"start":{"line":46,"column":52},"end":{"line":46,"column":53}},"loc":{"start":{"line":47,"column":6},"end":{"line":47,"column":66}},"line":47},"2":{"name":"(anonymous_2)","decl":{"start":{"line":74,"column":42},"end":{"line":74,"column":43}},"loc":{"start":{"line":74,"column":105},"end":{"line":94,"column":1}},"line":74}},"branchMap":{"0":{"loc":{"start":{"line":38,"column":22},"end":{"line":38,"column":123}},"type":"cond-expr","locations":[{"start":{"line":38,"column":63},"end":{"line":38,"column":119}},{"start":{"line":38,"column":122},"end":{"line":38,"column":123}}],"line":38},"1":{"loc":{"start":{"line":38,"column":74},"end":{"line":38,"column":118}},"type":"binary-expr","locations":[{"start":{"line":38,"column":74},"end":{"line":38,"column":111}},{"start":{"line":38,"column":115},"end":{"line":38,"column":118}}],"line":38},"2":{"loc":{"start":{"line":75,"column":24},"end":{"line":75,"column":59}},"type":"binary-expr","locations":[{"start":{"line":75,"column":24},"end":{"line":75,"column":54}},{"start":{"line":75,"column":58},"end":{"line":75,"column":59}}],"line":75},"3":{"loc":{"start":{"line":76,"column":28},"end":{"line":76,"column":106}},"type":"cond-expr","locations":[{"start":{"line":76,"column":55},"end":{"line":76,"column":101}},{"start":{"line":76,"column":105},"end":{"line":76,"column":106}}],"line":76},"4":{"loc":{"start":{"line":76,"column":55},"end":{"line":76,"column":101}},"type":"binary-expr","locations":[{"start":{"line":76,"column":55},"end":{"line":76,"column":96}},{"start":{"line":76,"column":100},"end":{"line":76,"column":101}}],"line":76},"5":{"loc":{"start":{"line":76,"column":66},"end":{"line":76,"column":95}},"type":"binary-expr","locations":[{"start":{"line":76,"column":66},"end":{"line":76,"column":88}},{"start":{"line":76,"column":92},"end":{"line":76,"column":95}}],"line":76},"6":{"loc":{"start":{"line":87,"column":29},"end":{"line":87,"column":120}},"type":"cond-expr","locations":[{"start":{"line":87,"column":55},"end":{"line":87,"column":116}},{"start":{"line":87,"column":119},"end":{"line":87,"column":120}}],"line":87}},"s":{"0":0,"1":0,"2":0,"3":0,"4":0,"5":0,"6":0,"7":0,"8":0,"9":0,"10":0,"11":0,"12":0,"13":0,"14":0,"15":0,"16":0,"17":0,"18":0,"19":0,"20":0,"21":0,"22":0,"23":0},"f":{"0":0,"1":0,"2":0},"b":{"0":[0,0],"1":[0,0],"2":[0,0],"3":[0,0],"4":[0,0],"5":[0,0],"6":[0,0]}}
,"/Users/eugene/dev/react/expo/NavigationExample/utils/validation.ts": {"path":"/Users/eugene/dev/react/expo/NavigationExample/utils/validation.ts","statementMap":{"0":{"start":{"line":20,"column":35},"end":{"line":48,"column":1}},"1":{"start":{"line":21,"column":2},"end":{"line":23,"column":3}},"2":{"start":{"line":22,"column":4},"end":{"line":22,"column":71}},"3":{"start":{"line":25,"column":2},"end":{"line":27,"column":3}},"4":{"start":{"line":26,"column":4},"end":{"line":26,"column":72}},"5":{"start":{"line":29,"column":2},"end":{"line":31,"column":3}},"6":{"start":{"line":30,"column":4},"end":{"line":30,"column":73}},"7":{"start":{"line":33,"column":2},"end":{"line":37,"column":3}},"8":{"start":{"line":34,"column":4},"end":{"line":34,"column":72}},"9":{"start":{"line":35,"column":9},"end":{"line":37,"column":3}},"10":{"start":{"line":36,"column":4},"end":{"line":36,"column":76}},"11":{"start":{"line":39,"column":2},"end":{"line":41,"column":3}},"12":{"start":{"line":40,"column":4},"end":{"line":40,"column":80}},"13":{"start":{"line":43,"column":2},"end":{"line":45,"column":3}},"14":{"start":{"line":44,"column":4},"end":{"line":44,"column":73}},"15":{"start":{"line":47,"column":2},"end":{"line":47,"column":40}},"16":{"start":{"line":63,"column":38},"end":{"line":88,"column":1}},"17":{"start":{"line":64,"column":2},"end":{"line":66,"column":3}},"18":{"start":{"line":65,"column":4},"end":{"line":65,"column":70}},"19":{"start":{"line":68,"column":24},"end":{"line":68,"column":51}},"20":{"start":{"line":69,"column":2},"end":{"line":71,"column":3}},"21":{"start":{"line":70,"column":4},"end":{"line":70,"column":90}},"22":{"start":{"line":73,"column":2},"end":{"line":75,"column":3}},"23":{"start":{"line":74,"column":4},"end":{"line":74,"column":74}},"24":{"start":{"line":77,"column":29},"end":{"line":77,"column":85}},"25":{"start":{"line":78,"column":2},"end":{"line":80,"column":3}},"26":{"start":{"line":79,"column":4},"end":{"line":79,"column":83}},"27":{"start":{"line":82,"column":34},"end":{"line":82,"column":95}},"28":{"start":{"line":83,"column":2},"end":{"line":85,"column":3}},"29":{"start":{"line":84,"column":4},"end":{"line":84,"column":89}},"30":{"start":{"line":87,"column":2},"end":{"line":87,"column":40}},"31":{"start":{"line":97,"column":37},"end":{"line":103,"column":1}},"32":{"start":{"line":98,"column":2},"end":{"line":100,"column":3}},"33":{"start":{"line":99,"column":4},"end":{"line":99,"column":87}},"34":{"start":{"line":102,"column":2},"end":{"line":102,"column":40}}},"fnMap":{"0":{"name":"(anonymous_0)","decl":{"start":{"line":20,"column":35},"end":{"line":20,"column":36}},"loc":{"start":{"line":20,"column":80},"end":{"line":48,"column":1}},"line":20},"1":{"name":"(anonymous_1)","decl":{"start":{"line":63,"column":38},"end":{"line":63,"column":39}},"loc":{"start":{"line":63,"column":86},"end":{"line":88,"column":1}},"line":63},"2":{"name":"(anonymous_2)","decl":{"start":{"line":97,"column":37},"end":{"line":97,"column":38}},"loc":{"start":{"line":97,"column":80},"end":{"line":103,"column":1}},"line":97}},"branchMap":{"0":{"loc":{"start":{"line":21,"column":2},"end":{"line":23,"column":3}},"type":"if","locations":[{"start":{"line":21,"column":2},"end":{"line":23,"column":3}},{"start":{},"end":{}}],"line":21},"1":{"loc":{"start":{"line":25,"column":2},"end":{"line":27,"column":3}},"type":"if","locations":[{"start":{"line":25,"column":2},"end":{"line":27,"column":3}},{"start":{},"end":{}}],"line":25},"2":{"loc":{"start":{"line":29,"column":2},"end":{"line":31,"column":3}},"type":"if","locations":[{"start":{"line":29,"column":2},"end":{"line":31,"column":3}},{"start":{},"end":{}}],"line":29},"3":{"loc":{"start":{"line":33,"column":2},"end":{"line":37,"column":3}},"type":"if","locations":[{"start":{"line":33,"column":2},"end":{"line":37,"column":3}},{"start":{"line":35,"column":9},"end":{"line":37,"column":3}}],"line":33},"4":{"loc":{"start":{"line":35,"column":9},"end":{"line":37,"column":3}},"type":"if","locations":[{"start":{"line":35,"column":9},"end":{"line":37,"column":3}},{"start":{},"end":{}}],"line":35},"5":{"loc":{"start":{"line":39,"column":2},"end":{"line":41,"column":3}},"type":"if","locations":[{"start":{"line":39,"column":2},"end":{"line":41,"column":3}},{"start":{},"end":{}}],"line":39},"6":{"loc":{"start":{"line":43,"column":2},"end":{"line":45,"column":3}},"type":"if","locations":[{"start":{"line":43,"column":2},"end":{"line":45,"column":3}},{"start":{},"end":{}}],"line":43},"7":{"loc":{"start":{"line":64,"column":2},"end":{"line":66,"column":3}},"type":"if","locations":[{"start":{"line":64,"column":2},"end":{"line":66,"column":3}},{"start":{},"end":{}}],"line":64},"8":{"loc":{"start":{"line":69,"column":2},"end":{"line":71,"column":3}},"type":"if","locations":[{"start":{"line":69,"column":2},"end":{"line":71,"column":3}},{"start":{},"end":{}}],"line":69},"9":{"loc":{"start":{"line":69,"column":6},"end":{"line":69,"column":48}},"type":"binary-expr","locations":[{"start":{"line":69,"column":6},"end":{"line":69,"column":26}},{"start":{"line":69,"column":30},"end":{"line":69,"column":48}}],"line":69},"10":{"loc":{"start":{"line":73,"column":2},"end":{"line":75,"column":3}},"type":"if","locations":[{"start":{"line":73,"column":2},"end":{"line":75,"column":3}},{"start":{},"end":{}}],"line":73},"11":{"loc":{"start":{"line":73,"column":6},"end":{"line":73,"column":83}},"type":"binary-expr","locations":[{"start":{"line":73,"column":6},"end":{"line":73,"column":26}},{"start":{"line":73,"column":31},"end":{"line":73,"column":51}},{"start":{"line":73,"column":55},"end":{"line":73,"column":82}}],"line":73},"12":{"loc":{"start":{"line":78,"column":2},"end":{"line":80,"column":3}},"type":"if","locations":[{"start":{"line":78,"column":2},"end":{"line":80,"column":3}},{"start":{},"end":{}}],"line":78},"13":{"loc":{"start":{"line":83,"column":2},"end":{"line":85,"column":3}},"type":"if","locations":[{"start":{"line":83,"column":2},"end":{"line":85,"column":3}},{"start":{},"end":{}}],"line":83},"14":{"loc":{"start":{"line":98,"column":2},"end":{"line":100,"column":3}},"type":"if","locations":[{"start":{"line":98,"column":2},"end":{"line":100,"column":3}},{"start":{},"end":{}}],"line":98}},"s":{"0":0,"1":0,"2":0,"3":0,"4":0,"5":0,"6":0,"7":0,"8":0,"9":0,"10":0,"11":0,"12":0,"13":0,"14":0,"15":0,"16":0,"17":0,"18":0,"19":0,"20":0,"21":0,"22":0,"23":0,"24":0,"25":0,"26":0,"27":0,"28":0,"29":0,"30":0,"31":0,"32":0,"33":0,"34":0},"f":{"0":0,"1":0,"2":0},"b":{"0":[0,0],"1":[0,0],"2":[0,0],"3":[0,0],"4":[0,0],"5":[0,0],"6":[0,0],"7":[0,0],"8":[0,0],"9":[0,0],"10":[0,0],"11":[0,0,0],"12":[0,0],"13":[0,0],"14":[0,0]}}
,"/Users/eugene/dev/react/expo/NavigationExample/venv/lib/python3.13/site-packages/urllib3/contrib/emscripten/emscripten_fetch_worker.js": {"path":"/Users/eugene/dev/react/expo/NavigationExample/venv/lib/python3.13/site-packages/urllib3/contrib/emscripten/emscripten_fetch_worker.js","statementMap":{"0":{"start":{"line":1,"column":13},"end":{"line":6,"column":1}},"1":{"start":{"line":8,"column":18},"end":{"line":8,"column":20}},"2":{"start":{"line":9,"column":23},"end":{"line":9,"column":24}},"3":{"start":{"line":10,"column":16},"end":{"line":10,"column":33}},"4":{"start":{"line":12,"column":0},"end":{"line":109,"column":3}},"5":{"start":{"line":13,"column":2},"end":{"line":108,"column":3}},"6":{"start":{"line":14,"column":23},"end":{"line":14,"column":39}},"7":{"start":{"line":15,"column":4},"end":{"line":15,"column":37}},"8":{"start":{"line":16,"column":4},"end":{"line":16,"column":11}},"9":{"start":{"line":17,"column":9},"end":{"line":108,"column":3}},"10":{"start":{"line":18,"column":23},"end":{"line":18,"column":41}},"11":{"start":{"line":20,"column":6},"end":{"line":20,"column":31}},"12":{"start":{"line":22,"column":4},"end":{"line":48,"column":5}},"13":{"start":{"line":24,"column":6},"end":{"line":47,"column":7}},"14":{"start":{"line":25,"column":27},"end":{"line":25,"column":46}},"15":{"start":{"line":27,"column":8},"end":{"line":35,"column":9}},"16":{"start":{"line":29,"column":10},"end":{"line":29,"column":43}},"17":{"start":{"line":30,"column":10},"end":{"line":30,"column":58}},"18":{"start":{"line":31,"column":10},"end":{"line":31,"column":39}},"19":{"start":{"line":34,"column":10},"end":{"line":34,"column":17}},"20":{"start":{"line":36,"column":8},"end":{"line":36,"column":22}},"21":{"start":{"line":37,"column":8},"end":{"line":37,"column":61}},"22":{"start":{"line":38,"column":8},"end":{"line":38,"column":35}},"23":{"start":{"line":40,"column":8},"end":{"line":40,"column":49}},"24":{"start":{"line":41,"column":25},"end":{"line":41,"column":54}},"25":{"start":{"line":42,"column":22},"end":{"line":42,"column":39}},"26":{"start":{"line":43,"column":8},"end":{"line":43,"column":35}},"27":{"start":{"line":44,"column":8},"end":{"line":44,"column":31}},"28":{"start":{"line":45,"column":8},"end":{"line":45,"column":60}},"29":{"start":{"line":46,"column":8},"end":{"line":46,"column":37}},"30":{"start":{"line":51,"column":17},"end":{"line":51,"column":41}},"31":{"start":{"line":52,"column":4},"end":{"line":54,"column":5}},"32":{"start":{"line":53,"column":6},"end":{"line":53,"column":33}},"33":{"start":{"line":55,"column":4},"end":{"line":55,"column":69}},"34":{"start":{"line":57,"column":4},"end":{"line":57,"column":40}},"35":{"start":{"line":58,"column":4},"end":{"line":58,"column":33}},"36":{"start":{"line":59,"column":4},"end":{"line":59,"column":24}},"37":{"start":{"line":60,"column":4},"end":{"line":60,"column":52}},"38":{"start":{"line":62,"column":4},"end":{"line":62,"column":11}},"39":{"start":{"line":65,"column":23},"end":{"line":65,"column":39}},"40":{"start":{"line":66,"column":4},"end":{"line":66,"column":26}},"41":{"start":{"line":67,"column":22},"end":{"line":67,"column":55}},"42":{"start":{"line":68,"column":23},"end":{"line":68,"column":59}},"43":{"start":{"line":69,"column":4},"end":{"line":107,"column":5}},"44":{"start":{"line":70,"column":23},"end":{"line":70,"column":74}},"45":{"start":{"line":72,"column":20},"end":{"line":72,"column":22}},"46":{"start":{"line":73,"column":6},"end":{"line":75,"column":7}},"47":{"start":{"line":74,"column":8},"end":{"line":74,"column":41}},"48":{"start":{"line":76,"column":22},"end":{"line":80,"column":7}},"49":{"start":{"line":81,"column":25},"end":{"line":81,"column":50}},"50":{"start":{"line":82,"column":24},"end":{"line":82,"column":50}},"51":{"start":{"line":83,"column":20},"end":{"line":83,"column":38}},"52":{"start":{"line":84,"column":6},"end":{"line":84,"column":34}},"53":{"start":{"line":85,"column":6},"end":{"line":85,"column":29}},"54":{"start":{"line":87,"column":6},"end":{"line":93,"column":8}},"55":{"start":{"line":95,"column":6},"end":{"line":95,"column":57}},"56":{"start":{"line":96,"column":6},"end":{"line":96,"column":35}},"57":{"start":{"line":100,"column":6},"end":{"line":100,"column":47}},"58":{"start":{"line":101,"column":23},"end":{"line":101,"column":52}},"59":{"start":{"line":102,"column":20},"end":{"line":102,"column":37}},"60":{"start":{"line":103,"column":6},"end":{"line":103,"column":33}},"61":{"start":{"line":104,"column":6},"end":{"line":104,"column":29}},"62":{"start":{"line":105,"column":6},"end":{"line":105,"column":58}},"63":{"start":{"line":106,"column":6},"end":{"line":106,"column":35}},"64":{"start":{"line":110,"column":0},"end":{"line":110,"column":35}}},"fnMap":{"0":{"name":"(anonymous_0)","decl":{"start":{"line":12,"column":33},"end":{"line":12,"column":34}},"loc":{"start":{"line":12,"column":56},"end":{"line":109,"column":1}},"line":12}},"branchMap":{"0":{"loc":{"start":{"line":13,"column":2},"end":{"line":108,"column":3}},"type":"if","locations":[{"start":{"line":13,"column":2},"end":{"line":108,"column":3}},{"start":{"line":17,"column":9},"end":{"line":108,"column":3}}],"line":13},"1":{"loc":{"start":{"line":17,"column":9},"end":{"line":108,"column":3}},"type":"if","locations":[{"start":{"line":17,"column":9},"end":{"line":108,"column":3}},{"start":{"line":63,"column":9},"end":{"line":108,"column":3}}],"line":17},"2":{"loc":{"start":{"line":22,"column":4},"end":{"line":48,"column":5}},"type":"if","locations":[{"start":{"line":22,"column":4},"end":{"line":48,"column":5}},{"start":{},"end":{}}],"line":22},"3":{"loc":{"start":{"line":22,"column":8},"end":{"line":22,"column":43}},"type":"binary-expr","locations":[{"start":{"line":22,"column":8},"end":{"line":22,"column":14}},{"start":{"line":22,"column":18},"end":{"line":22,"column":43}}],"line":22},"4":{"loc":{"start":{"line":27,"column":8},"end":{"line":35,"column":9}},"type":"if","locations":[{"start":{"line":27,"column":8},"end":{"line":35,"column":9}},{"start":{},"end":{}}],"line":27},"5":{"loc":{"start":{"line":52,"column":4},"end":{"line":54,"column":5}},"type":"if","locations":[{"start":{"line":52,"column":4},"end":{"line":54,"column":5}},{"start":{},"end":{}}],"line":52}},"s":{"0":0,"1":0,"2":0,"3":0,"4":0,"5":0,"6":0,"7":0,"8":0,"9":0,"10":0,"11":0,"12":0,"13":0,"14":0,"15":0,"16":0,"17":0,"18":0,"19":0,"20":0,"21":0,"22":0,"23":0,"24":0,"25":0,"26":0,"27":0,"28":0,"29":0,"30":0,"31":0,"32":0,"33":0,"34":0,"35":0,"36":0,"37":0,"38":0,"39":0,"40":0,"41":0,"42":0,"43":0,"44":0,"45":0,"46":0,"47":0,"48":0,"49":0,"50":0,"51":0,"52":0,"53":0,"54":0,"55":0,"56":0,"57":0,"58":0,"59":0,"60":0,"61":0,"62":0,"63":0,"64":0},"f":{"0":0},"b":{"0":[0,0],"1":[0,0],"2":[0,0],"3":[0,0],"4":[0,0],"5":[0,0]}}
}
